#
# There is insufficient memory for the Java Runtime Environment to continue.
# Native memory allocation (malloc) failed to allocate 1204976 bytes for Chunk::new
# Possible reasons:
#   The system is out of physical RAM or swap space
#   The process is running with CompressedOops enabled, and the Java Heap may be blocking the growth of the native heap
# Possible solutions:
#   Reduce memory load on the system
#   Increase physical memory or swap space
#   Check if swap backing store is full
#   Decrease Java heap size (-Xmx/-Xms)
#   Decrease number of Java threads
#   Decrease Java thread stack sizes (-Xss)
#   Set larger code cache with -XX:ReservedCodeCacheSize=
#   JVM is running with Unscaled Compressed Oops mode in which the Java heap is
#     placed in the first 4GB address space. The Java Heap base address is the
#     maximum limit for the native heap growth. Please use -XX:HeapBaseMinAddress
#     to set the Java Heap base and to place the Java Heap above 4GB virtual address.
# This output file may be truncated or incomplete.
#
#  Out of Memory Error (./open/src/hotspot/share/memory/arena.cpp:195), pid=14352, tid=6436
#
# JRE version: Java(TM) SE Runtime Environment (14.0.1+7) (build 14.0.1+7)
# Java VM: Java HotSpot(TM) 64-Bit Server VM (14.0.1+7, mixed mode, sharing, tiered, compressed oops, g1 gc, windows-amd64)
# No core dump will be written. Minidumps are not enabled by default on client versions of Windows
#

---------------  S U M M A R Y ------------

Command Line: -agentlib:jdwp=transport=dt_socket,suspend=y,address=localhost:52508 -javaagent:C:\Users\dmeps\.eclipse\org.eclipse.platform_4.15.0_1709980481_win32_win32_x86_64\configuration\org.eclipse.osgi\225\0\.cp\lib\javaagent-shaded.jar -Dfile.encoding=Cp1252 tables.SumRowsData

Host: Intel(R) Core(TM) i5-10210U CPU @ 1.60GHz, 8 cores, 7G,  Windows 10 , 64 bit Build 18362 (10.0.18362.1110)
Time: Fri Dec 18 23:04:38 2020 Eastern Standard Time elapsed time: 14 seconds (0d 0h 0m 14s)

---------------  T H R E A D  ---------------

Current thread (0x00000239abf64800):  JavaThread "C2 CompilerThread0" daemon [_thread_in_native, id=6436, stack(0x0000007872d00000,0x0000007872e00000)]


Current CompileTask:
C2:  14061 1807       4       org.eclipse.jdt.launching.internal.org.objectweb.asm.ClassReader::readStackMapFrame (535 bytes)

Stack: [0x0000007872d00000,0x0000007872e00000]
Native frames: (J=compiled Java code, j=interpreted, Vv=VM code, C=native code)
V  [jvm.dll+0x5f840a]
V  [jvm.dll+0x741e4a]
V  [jvm.dll+0x7435ff]
V  [jvm.dll+0x743c43]
V  [jvm.dll+0x20d288]
V  [jvm.dll+0xabb07]
V  [jvm.dll+0xac1fc]
V  [jvm.dll+0x31c468]
V  [jvm.dll+0x2e6b48]
V  [jvm.dll+0x2e5f4a]
V  [jvm.dll+0x1e5e16]
V  [jvm.dll+0x1e50b8]
V  [jvm.dll+0x1779cc]
V  [jvm.dll+0x1f4105]
V  [jvm.dll+0x1f22eb]
V  [jvm.dll+0x706a9d]
V  [jvm.dll+0x6ff8ba]
V  [jvm.dll+0x5f72c6]
C  [ucrtbase.dll+0x210b2]
C  [KERNEL32.DLL+0x17c24]
C  [ntdll.dll+0x6d4d1]


---------------  P R O C E S S  ---------------

Threads class SMR info:
_java_thread_list=0x00000239add52540, length=20, elements={
0x000002398d0ba800, 0x00000239abf41800, 0x00000239abf43000, 0x00000239abf5a800,
0x00000239abf5e800, 0x00000239abf5f800, 0x00000239abf64800, 0x00000239abf6b000,
0x00000239abf76000, 0x00000239ac998800, 0x00000239aca5d800, 0x00000239aca5e800,
0x00000239acb23800, 0x00000239acc15000, 0x00000239ae554800, 0x00000239aedcc800,
0x00000239aed11800, 0x00000239adb38800, 0x00000239af6ca800, 0x00000239add61800
}

Java Threads: ( => current thread )
  0x000002398d0ba800 JavaThread "Forwarding getElementText on session d8a915f9bdad95cf51a733efdcfd95e9 to remote" [_thread_in_native, id=11324, stack(0x0000007872100000,0x0000007872200000)]
  0x00000239abf41800 JavaThread "Reference Handler" daemon [_thread_blocked, id=10080, stack(0x0000007872800000,0x0000007872900000)]
  0x00000239abf43000 JavaThread "Finalizer" daemon [_thread_blocked, id=14052, stack(0x0000007872900000,0x0000007872a00000)]
  0x00000239abf5a800 JavaThread "Signal Dispatcher" daemon [_thread_blocked, id=18800, stack(0x0000007872a00000,0x0000007872b00000)]
  0x00000239abf5e800 JavaThread "Attach Listener" daemon [_thread_blocked, id=18216, stack(0x0000007872b00000,0x0000007872c00000)]
  0x00000239abf5f800 JavaThread "Service Thread" daemon [_thread_blocked, id=11480, stack(0x0000007872c00000,0x0000007872d00000)]
=>0x00000239abf64800 JavaThread "C2 CompilerThread0" daemon [_thread_in_native, id=6436, stack(0x0000007872d00000,0x0000007872e00000)]
  0x00000239abf6b000 JavaThread "C1 CompilerThread0" daemon [_thread_blocked, id=11764, stack(0x0000007872e00000,0x0000007872f00000)]
  0x00000239abf76000 JavaThread "Sweeper thread" daemon [_thread_blocked, id=16928, stack(0x0000007872f00000,0x0000007873000000)]
  0x00000239ac998800 JavaThread "Common-Cleaner" daemon [_thread_blocked, id=5460, stack(0x0000007873000000,0x0000007873100000)]
  0x00000239aca5d800 JavaThread "JDWP Transport Listener: dt_socket" daemon [_thread_blocked, id=7396, stack(0x0000007873200000,0x0000007873300000)]
  0x00000239aca5e800 JavaThread "JDWP Event Helper Thread" daemon [_thread_blocked, id=1604, stack(0x0000007873300000,0x0000007873400000)]
  0x00000239acb23800 JavaThread "JDWP Command Reader" daemon [_thread_in_native, id=8916, stack(0x0000007873400000,0x0000007873500000)]
  0x00000239acc15000 JavaThread "Notification Thread" daemon [_thread_blocked, id=13880, stack(0x0000007873500000,0x0000007873600000)]
  0x00000239ae554800 JavaThread "Exec Default Executor" daemon [_thread_in_native, id=8008, stack(0x0000007873900000,0x0000007873a00000)]
  0x00000239aedcc800 JavaThread "UrlChecker-2" daemon [_thread_blocked, id=9724, stack(0x0000007873a00000,0x0000007873b00000)]
  0x00000239aed11800 JavaThread "Exec Stream Pumper" daemon [_thread_in_native, id=16776, stack(0x0000007873c00000,0x0000007873d00000)]
  0x00000239adb38800 JavaThread "Exec Stream Pumper" daemon [_thread_in_native, id=18284, stack(0x0000007873d00000,0x0000007873e00000)]
  0x00000239af6ca800 JavaThread "OkHttp ConnectionPool" daemon [_thread_blocked, id=4500, stack(0x0000007873f00000,0x0000007874000000)]
  0x00000239add61800 JavaThread "Okio Watchdog" daemon [_thread_blocked, id=11624, stack(0x0000007874000000,0x0000007874100000)]

Other Threads:
  0x00000239abf40000 VMThread "VM Thread" [stack: 0x0000007872700000,0x0000007872800000] [id=10720]
  0x00000239acfe0800 WatcherThread [stack: 0x0000007873600000,0x0000007873700000] [id=10192]
  0x000002398d0fc800 GCTaskThread "GC Thread#0" [stack: 0x0000007872200000,0x0000007872300000] [id=18796]
  0x00000239ad16e800 GCTaskThread "GC Thread#1" [stack: 0x0000007873700000,0x0000007873800000] [id=8124]
  0x000002398d10e000 ConcurrentGCThread "G1 Main Marker" [stack: 0x0000007872300000,0x0000007872400000] [id=8048]
  0x000002398d10f000 ConcurrentGCThread "G1 Conc#0" [stack: 0x0000007872400000,0x0000007872500000] [id=13940]
  0x00000239abd9d800 ConcurrentGCThread "G1 Refine#0" [stack: 0x0000007872500000,0x0000007872600000] [id=19408]
  0x00000239abd9e800 ConcurrentGCThread "G1 Young RemSet Sampling" [stack: 0x0000007872600000,0x0000007872700000] [id=9424]

Threads with active compile tasks:
C2 CompilerThread0    14257 1807       4       org.eclipse.jdt.launching.internal.org.objectweb.asm.ClassReader::readStackMapFrame (535 bytes)

VM state:not at safepoint (normal execution)

VM Mutex/Monitor currently owned by a thread: None

Heap address: 0x0000000084600000, size: 1978 MB, Compressed Oops mode: 32-bit
Narrow klass base: 0x0000000800000000, Narrow klass shift: 3
Compressed class space size: 1073741824 Address: 0x0000000800b30000

Heap:
 garbage-first heap   total 126976K, used 17146K [0x0000000084600000, 0x0000000100000000)
  region size 1024K, 15 young (15360K), 2 survivors (2048K)
 Metaspace       used 11290K, capacity 11798K, committed 12032K, reserved 1060864K
  class space    used 1319K, capacity 1488K, committed 1536K, reserved 1048576K
Heap Regions: E=young(eden), S=young(survivor), O=old, HS=humongous(starts), HC=humongous(continues), CS=collection set, F=free, OA=open archive, CA=closed archive, TAMS=top-at-mark-start (previous, next)
|   0|0x0000000084600000, 0x0000000084700000, 0x0000000084700000|100%| O|  |TAMS 0x0000000084600000, 0x0000000084600000| Untracked 
|   1|0x0000000084700000, 0x0000000084800000, 0x0000000084800000|100%| O|  |TAMS 0x0000000084700000, 0x0000000084700000| Untracked 
|   2|0x0000000084800000, 0x0000000084900000, 0x0000000084900000|100%| O|  |TAMS 0x0000000084800000, 0x0000000084800000| Untracked 
|   3|0x0000000084900000, 0x000000008498c600, 0x0000000084a00000| 54%| O|  |TAMS 0x0000000084900000, 0x0000000084900000| Untracked 
|   4|0x0000000084a00000, 0x0000000084a00000, 0x0000000084b00000|  0%| F|  |TAMS 0x0000000084a00000, 0x0000000084a00000| Untracked 
|   5|0x0000000084b00000, 0x0000000084b00000, 0x0000000084c00000|  0%| F|  |TAMS 0x0000000084b00000, 0x0000000084b00000| Untracked 
|   6|0x0000000084c00000, 0x0000000084c00000, 0x0000000084d00000|  0%| F|  |TAMS 0x0000000084c00000, 0x0000000084c00000| Untracked 
|   7|0x0000000084d00000, 0x0000000084d00000, 0x0000000084e00000|  0%| F|  |TAMS 0x0000000084d00000, 0x0000000084d00000| Untracked 
|   8|0x0000000084e00000, 0x0000000084e00000, 0x0000000084f00000|  0%| F|  |TAMS 0x0000000084e00000, 0x0000000084e00000| Untracked 
|   9|0x0000000084f00000, 0x0000000084f00000, 0x0000000085000000|  0%| F|  |TAMS 0x0000000084f00000, 0x0000000084f00000| Untracked 
|  10|0x0000000085000000, 0x0000000085000000, 0x0000000085100000|  0%| F|  |TAMS 0x0000000085000000, 0x0000000085000000| Untracked 
|  11|0x0000000085100000, 0x0000000085100000, 0x0000000085200000|  0%| F|  |TAMS 0x0000000085100000, 0x0000000085100000| Untracked 
|  12|0x0000000085200000, 0x0000000085200000, 0x0000000085300000|  0%| F|  |TAMS 0x0000000085200000, 0x0000000085200000| Untracked 
|  13|0x0000000085300000, 0x0000000085300000, 0x0000000085400000|  0%| F|  |TAMS 0x0000000085300000, 0x0000000085300000| Untracked 
|  14|0x0000000085400000, 0x0000000085400000, 0x0000000085500000|  0%| F|  |TAMS 0x0000000085400000, 0x0000000085400000| Untracked 
|  15|0x0000000085500000, 0x0000000085500000, 0x0000000085600000|  0%| F|  |TAMS 0x0000000085500000, 0x0000000085500000| Untracked 
|  16|0x0000000085600000, 0x0000000085600000, 0x0000000085700000|  0%| F|  |TAMS 0x0000000085600000, 0x0000000085600000| Untracked 
|  17|0x0000000085700000, 0x0000000085700000, 0x0000000085800000|  0%| F|  |TAMS 0x0000000085700000, 0x0000000085700000| Untracked 
|  18|0x0000000085800000, 0x0000000085800000, 0x0000000085900000|  0%| F|  |TAMS 0x0000000085800000, 0x0000000085800000| Untracked 
|  19|0x0000000085900000, 0x0000000085900000, 0x0000000085a00000|  0%| F|  |TAMS 0x0000000085900000, 0x0000000085900000| Untracked 
|  20|0x0000000085a00000, 0x0000000085a00000, 0x0000000085b00000|  0%| F|  |TAMS 0x0000000085a00000, 0x0000000085a00000| Untracked 
|  21|0x0000000085b00000, 0x0000000085b00000, 0x0000000085c00000|  0%| F|  |TAMS 0x0000000085b00000, 0x0000000085b00000| Untracked 
|  22|0x0000000085c00000, 0x0000000085c00000, 0x0000000085d00000|  0%| F|  |TAMS 0x0000000085c00000, 0x0000000085c00000| Untracked 
|  23|0x0000000085d00000, 0x0000000085d00000, 0x0000000085e00000|  0%| F|  |TAMS 0x0000000085d00000, 0x0000000085d00000| Untracked 
|  24|0x0000000085e00000, 0x0000000085e00000, 0x0000000085f00000|  0%| F|  |TAMS 0x0000000085e00000, 0x0000000085e00000| Untracked 
|  25|0x0000000085f00000, 0x0000000085f00000, 0x0000000086000000|  0%| F|  |TAMS 0x0000000085f00000, 0x0000000085f00000| Untracked 
|  26|0x0000000086000000, 0x0000000086000000, 0x0000000086100000|  0%| F|  |TAMS 0x0000000086000000, 0x0000000086000000| Untracked 
|  27|0x0000000086100000, 0x0000000086100000, 0x0000000086200000|  0%| F|  |TAMS 0x0000000086100000, 0x0000000086100000| Untracked 
|  28|0x0000000086200000, 0x0000000086200000, 0x0000000086300000|  0%| F|  |TAMS 0x0000000086200000, 0x0000000086200000| Untracked 
|  29|0x0000000086300000, 0x0000000086300000, 0x0000000086400000|  0%| F|  |TAMS 0x0000000086300000, 0x0000000086300000| Untracked 
|  30|0x0000000086400000, 0x0000000086400000, 0x0000000086500000|  0%| F|  |TAMS 0x0000000086400000, 0x0000000086400000| Untracked 
|  31|0x0000000086500000, 0x0000000086500000, 0x0000000086600000|  0%| F|  |TAMS 0x0000000086500000, 0x0000000086500000| Untracked 
|  32|0x0000000086600000, 0x0000000086600000, 0x0000000086700000|  0%| F|  |TAMS 0x0000000086600000, 0x0000000086600000| Untracked 
|  33|0x0000000086700000, 0x0000000086700000, 0x0000000086800000|  0%| F|  |TAMS 0x0000000086700000, 0x0000000086700000| Untracked 
|  34|0x0000000086800000, 0x0000000086800000, 0x0000000086900000|  0%| F|  |TAMS 0x0000000086800000, 0x0000000086800000| Untracked 
|  35|0x0000000086900000, 0x0000000086900000, 0x0000000086a00000|  0%| F|  |TAMS 0x0000000086900000, 0x0000000086900000| Untracked 
|  36|0x0000000086a00000, 0x0000000086a00000, 0x0000000086b00000|  0%| F|  |TAMS 0x0000000086a00000, 0x0000000086a00000| Untracked 
|  37|0x0000000086b00000, 0x0000000086b00000, 0x0000000086c00000|  0%| F|  |TAMS 0x0000000086b00000, 0x0000000086b00000| Untracked 
|  38|0x0000000086c00000, 0x0000000086c00000, 0x0000000086d00000|  0%| F|  |TAMS 0x0000000086c00000, 0x0000000086c00000| Untracked 
|  39|0x0000000086d00000, 0x0000000086d00000, 0x0000000086e00000|  0%| F|  |TAMS 0x0000000086d00000, 0x0000000086d00000| Untracked 
|  40|0x0000000086e00000, 0x0000000086e00000, 0x0000000086f00000|  0%| F|  |TAMS 0x0000000086e00000, 0x0000000086e00000| Untracked 
|  41|0x0000000086f00000, 0x0000000086f00000, 0x0000000087000000|  0%| F|  |TAMS 0x0000000086f00000, 0x0000000086f00000| Untracked 
|  42|0x0000000087000000, 0x0000000087000000, 0x0000000087100000|  0%| F|  |TAMS 0x0000000087000000, 0x0000000087000000| Untracked 
|  43|0x0000000087100000, 0x0000000087100000, 0x0000000087200000|  0%| F|  |TAMS 0x0000000087100000, 0x0000000087100000| Untracked 
|  44|0x0000000087200000, 0x0000000087200000, 0x0000000087300000|  0%| F|  |TAMS 0x0000000087200000, 0x0000000087200000| Untracked 
|  45|0x0000000087300000, 0x0000000087300000, 0x0000000087400000|  0%| F|  |TAMS 0x0000000087300000, 0x0000000087300000| Untracked 
|  46|0x0000000087400000, 0x0000000087400000, 0x0000000087500000|  0%| F|  |TAMS 0x0000000087400000, 0x0000000087400000| Untracked 
|  47|0x0000000087500000, 0x0000000087500000, 0x0000000087600000|  0%| F|  |TAMS 0x0000000087500000, 0x0000000087500000| Untracked 
|  48|0x0000000087600000, 0x0000000087600000, 0x0000000087700000|  0%| F|  |TAMS 0x0000000087600000, 0x0000000087600000| Untracked 
|  49|0x0000000087700000, 0x0000000087700000, 0x0000000087800000|  0%| F|  |TAMS 0x0000000087700000, 0x0000000087700000| Untracked 
|  50|0x0000000087800000, 0x0000000087800000, 0x0000000087900000|  0%| F|  |TAMS 0x0000000087800000, 0x0000000087800000| Untracked 
|  51|0x0000000087900000, 0x0000000087900000, 0x0000000087a00000|  0%| F|  |TAMS 0x0000000087900000, 0x0000000087900000| Untracked 
|  52|0x0000000087a00000, 0x0000000087a00000, 0x0000000087b00000|  0%| F|  |TAMS 0x0000000087a00000, 0x0000000087a00000| Untracked 
|  53|0x0000000087b00000, 0x0000000087b00000, 0x0000000087c00000|  0%| F|  |TAMS 0x0000000087b00000, 0x0000000087b00000| Untracked 
|  54|0x0000000087c00000, 0x0000000087c00000, 0x0000000087d00000|  0%| F|  |TAMS 0x0000000087c00000, 0x0000000087c00000| Untracked 
|  55|0x0000000087d00000, 0x0000000087d00000, 0x0000000087e00000|  0%| F|  |TAMS 0x0000000087d00000, 0x0000000087d00000| Untracked 
|  56|0x0000000087e00000, 0x0000000087e00000, 0x0000000087f00000|  0%| F|  |TAMS 0x0000000087e00000, 0x0000000087e00000| Untracked 
|  57|0x0000000087f00000, 0x0000000087f00000, 0x0000000088000000|  0%| F|  |TAMS 0x0000000087f00000, 0x0000000087f00000| Untracked 
|  58|0x0000000088000000, 0x0000000088000000, 0x0000000088100000|  0%| F|  |TAMS 0x0000000088000000, 0x0000000088000000| Untracked 
|  59|0x0000000088100000, 0x0000000088100000, 0x0000000088200000|  0%| F|  |TAMS 0x0000000088100000, 0x0000000088100000| Untracked 
|  60|0x0000000088200000, 0x0000000088200000, 0x0000000088300000|  0%| F|  |TAMS 0x0000000088200000, 0x0000000088200000| Untracked 
|  61|0x0000000088300000, 0x0000000088300000, 0x0000000088400000|  0%| F|  |TAMS 0x0000000088300000, 0x0000000088300000| Untracked 
|  62|0x0000000088400000, 0x0000000088400000, 0x0000000088500000|  0%| F|  |TAMS 0x0000000088400000, 0x0000000088400000| Untracked 
|  63|0x0000000088500000, 0x0000000088500000, 0x0000000088600000|  0%| F|  |TAMS 0x0000000088500000, 0x0000000088500000| Untracked 
|  64|0x0000000088600000, 0x0000000088600000, 0x0000000088700000|  0%| F|  |TAMS 0x0000000088600000, 0x0000000088600000| Untracked 
|  65|0x0000000088700000, 0x0000000088700000, 0x0000000088800000|  0%| F|  |TAMS 0x0000000088700000, 0x0000000088700000| Untracked 
|  66|0x0000000088800000, 0x0000000088800000, 0x0000000088900000|  0%| F|  |TAMS 0x0000000088800000, 0x0000000088800000| Untracked 
|  67|0x0000000088900000, 0x0000000088900000, 0x0000000088a00000|  0%| F|  |TAMS 0x0000000088900000, 0x0000000088900000| Untracked 
|  68|0x0000000088a00000, 0x0000000088a00000, 0x0000000088b00000|  0%| F|  |TAMS 0x0000000088a00000, 0x0000000088a00000| Untracked 
|  69|0x0000000088b00000, 0x0000000088b00000, 0x0000000088c00000|  0%| F|  |TAMS 0x0000000088b00000, 0x0000000088b00000| Untracked 
|  70|0x0000000088c00000, 0x0000000088c00000, 0x0000000088d00000|  0%| F|  |TAMS 0x0000000088c00000, 0x0000000088c00000| Untracked 
|  71|0x0000000088d00000, 0x0000000088d00000, 0x0000000088e00000|  0%| F|  |TAMS 0x0000000088d00000, 0x0000000088d00000| Untracked 
|  72|0x0000000088e00000, 0x0000000088e00000, 0x0000000088f00000|  0%| F|  |TAMS 0x0000000088e00000, 0x0000000088e00000| Untracked 
|  73|0x0000000088f00000, 0x0000000088f00000, 0x0000000089000000|  0%| F|  |TAMS 0x0000000088f00000, 0x0000000088f00000| Untracked 
|  74|0x0000000089000000, 0x0000000089000000, 0x0000000089100000|  0%| F|  |TAMS 0x0000000089000000, 0x0000000089000000| Untracked 
|  75|0x0000000089100000, 0x0000000089100000, 0x0000000089200000|  0%| F|  |TAMS 0x0000000089100000, 0x0000000089100000| Untracked 
|  76|0x0000000089200000, 0x0000000089200000, 0x0000000089300000|  0%| F|  |TAMS 0x0000000089200000, 0x0000000089200000| Untracked 
|  77|0x0000000089300000, 0x0000000089300000, 0x0000000089400000|  0%| F|  |TAMS 0x0000000089300000, 0x0000000089300000| Untracked 
|  78|0x0000000089400000, 0x0000000089400000, 0x0000000089500000|  0%| F|  |TAMS 0x0000000089400000, 0x0000000089400000| Untracked 
|  79|0x0000000089500000, 0x0000000089500000, 0x0000000089600000|  0%| F|  |TAMS 0x0000000089500000, 0x0000000089500000| Untracked 
|  80|0x0000000089600000, 0x0000000089600000, 0x0000000089700000|  0%| F|  |TAMS 0x0000000089600000, 0x0000000089600000| Untracked 
|  81|0x0000000089700000, 0x0000000089700000, 0x0000000089800000|  0%| F|  |TAMS 0x0000000089700000, 0x0000000089700000| Untracked 
|  82|0x0000000089800000, 0x0000000089800000, 0x0000000089900000|  0%| F|  |TAMS 0x0000000089800000, 0x0000000089800000| Untracked 
|  83|0x0000000089900000, 0x0000000089900000, 0x0000000089a00000|  0%| F|  |TAMS 0x0000000089900000, 0x0000000089900000| Untracked 
|  84|0x0000000089a00000, 0x0000000089a00000, 0x0000000089b00000|  0%| F|  |TAMS 0x0000000089a00000, 0x0000000089a00000| Untracked 
|  85|0x0000000089b00000, 0x0000000089b00000, 0x0000000089c00000|  0%| F|  |TAMS 0x0000000089b00000, 0x0000000089b00000| Untracked 
|  86|0x0000000089c00000, 0x0000000089c00000, 0x0000000089d00000|  0%| F|  |TAMS 0x0000000089c00000, 0x0000000089c00000| Untracked 
|  87|0x0000000089d00000, 0x0000000089d00000, 0x0000000089e00000|  0%| F|  |TAMS 0x0000000089d00000, 0x0000000089d00000| Untracked 
|  88|0x0000000089e00000, 0x0000000089e00000, 0x0000000089f00000|  0%| F|  |TAMS 0x0000000089e00000, 0x0000000089e00000| Untracked 
|  89|0x0000000089f00000, 0x0000000089f324c8, 0x000000008a000000| 19%| S|CS|TAMS 0x0000000089f00000, 0x0000000089f00000| Complete 
|  90|0x000000008a000000, 0x000000008a100000, 0x000000008a100000|100%| S|CS|TAMS 0x000000008a000000, 0x000000008a000000| Complete 
|  91|0x000000008a100000, 0x000000008a100000, 0x000000008a200000|  0%| F|  |TAMS 0x000000008a100000, 0x000000008a100000| Untracked 
|  92|0x000000008a200000, 0x000000008a200000, 0x000000008a300000|  0%| F|  |TAMS 0x000000008a200000, 0x000000008a200000| Untracked 
|  93|0x000000008a300000, 0x000000008a300000, 0x000000008a400000|  0%| F|  |TAMS 0x000000008a300000, 0x000000008a300000| Untracked 
|  94|0x000000008a400000, 0x000000008a400000, 0x000000008a500000|  0%| F|  |TAMS 0x000000008a400000, 0x000000008a400000| Untracked 
|  95|0x000000008a500000, 0x000000008a500000, 0x000000008a600000|  0%| F|  |TAMS 0x000000008a500000, 0x000000008a500000| Untracked 
|  96|0x000000008a600000, 0x000000008a600000, 0x000000008a700000|  0%| F|  |TAMS 0x000000008a600000, 0x000000008a600000| Untracked 
|  97|0x000000008a700000, 0x000000008a700000, 0x000000008a800000|  0%| F|  |TAMS 0x000000008a700000, 0x000000008a700000| Untracked 
|  98|0x000000008a800000, 0x000000008a800000, 0x000000008a900000|  0%| F|  |TAMS 0x000000008a800000, 0x000000008a800000| Untracked 
|  99|0x000000008a900000, 0x000000008a900000, 0x000000008aa00000|  0%| F|  |TAMS 0x000000008a900000, 0x000000008a900000| Untracked 
| 100|0x000000008aa00000, 0x000000008aa00000, 0x000000008ab00000|  0%| F|  |TAMS 0x000000008aa00000, 0x000000008aa00000| Untracked 
| 101|0x000000008ab00000, 0x000000008ab00000, 0x000000008ac00000|  0%| F|  |TAMS 0x000000008ab00000, 0x000000008ab00000| Untracked 
| 102|0x000000008ac00000, 0x000000008ac00000, 0x000000008ad00000|  0%| F|  |TAMS 0x000000008ac00000, 0x000000008ac00000| Untracked 
| 103|0x000000008ad00000, 0x000000008ad00000, 0x000000008ae00000|  0%| F|  |TAMS 0x000000008ad00000, 0x000000008ad00000| Untracked 
| 104|0x000000008ae00000, 0x000000008ae00000, 0x000000008af00000|  0%| F|  |TAMS 0x000000008ae00000, 0x000000008ae00000| Untracked 
| 105|0x000000008af00000, 0x000000008af00000, 0x000000008b000000|  0%| F|  |TAMS 0x000000008af00000, 0x000000008af00000| Untracked 
| 106|0x000000008b000000, 0x000000008b000000, 0x000000008b100000|  0%| F|  |TAMS 0x000000008b000000, 0x000000008b000000| Untracked 
| 107|0x000000008b100000, 0x000000008b100000, 0x000000008b200000|  0%| F|  |TAMS 0x000000008b100000, 0x000000008b100000| Untracked 
| 108|0x000000008b200000, 0x000000008b200000, 0x000000008b300000|  0%| F|  |TAMS 0x000000008b200000, 0x000000008b200000| Untracked 
| 109|0x000000008b300000, 0x000000008b300000, 0x000000008b400000|  0%| F|  |TAMS 0x000000008b300000, 0x000000008b300000| Untracked 
| 110|0x000000008b400000, 0x000000008b400000, 0x000000008b500000|  0%| F|  |TAMS 0x000000008b400000, 0x000000008b400000| Untracked 
| 111|0x000000008b500000, 0x000000008b5808f0, 0x000000008b600000| 50%| E|  |TAMS 0x000000008b500000, 0x000000008b500000| Complete 
| 112|0x000000008b600000, 0x000000008b700000, 0x000000008b700000|100%| E|CS|TAMS 0x000000008b600000, 0x000000008b600000| Complete 
| 113|0x000000008b700000, 0x000000008b800000, 0x000000008b800000|100%| E|CS|TAMS 0x000000008b700000, 0x000000008b700000| Complete 
| 114|0x000000008b800000, 0x000000008b900000, 0x000000008b900000|100%| E|CS|TAMS 0x000000008b800000, 0x000000008b800000| Complete 
| 115|0x000000008b900000, 0x000000008ba00000, 0x000000008ba00000|100%| E|CS|TAMS 0x000000008b900000, 0x000000008b900000| Complete 
| 116|0x000000008ba00000, 0x000000008bb00000, 0x000000008bb00000|100%| E|CS|TAMS 0x000000008ba00000, 0x000000008ba00000| Complete 
| 117|0x000000008bb00000, 0x000000008bc00000, 0x000000008bc00000|100%| E|CS|TAMS 0x000000008bb00000, 0x000000008bb00000| Complete 
| 118|0x000000008bc00000, 0x000000008bd00000, 0x000000008bd00000|100%| E|CS|TAMS 0x000000008bc00000, 0x000000008bc00000| Complete 
| 119|0x000000008bd00000, 0x000000008be00000, 0x000000008be00000|100%| E|CS|TAMS 0x000000008bd00000, 0x000000008bd00000| Complete 
| 120|0x000000008be00000, 0x000000008bf00000, 0x000000008bf00000|100%| E|CS|TAMS 0x000000008be00000, 0x000000008be00000| Complete 
| 121|0x000000008bf00000, 0x000000008c000000, 0x000000008c000000|100%| E|CS|TAMS 0x000000008bf00000, 0x000000008bf00000| Complete 
| 122|0x000000008c000000, 0x000000008c100000, 0x000000008c100000|100%| E|CS|TAMS 0x000000008c000000, 0x000000008c000000| Complete 
| 123|0x000000008c100000, 0x000000008c200000, 0x000000008c200000|100%| E|CS|TAMS 0x000000008c100000, 0x000000008c100000| Complete 

Card table byte_map: [0x00000239a4f60000,0x00000239a5340000] _byte_map_base: 0x00000239a4b3d000

Marking Bits (Prev, Next): (CMBitMap*) 0x000002398d0fd2d8, (CMBitMap*) 0x000002398d0fd318
 Prev Bits: [0x00000239a5720000, 0x00000239a7608000)
 Next Bits: [0x00000239a7610000, 0x00000239a94f8000)

Polling page: 0x000002398c880000

Metaspace:

Usage:
  Non-class:     10.07 MB capacity,     9.74 MB ( 97%) used,   295.88 KB (  3%) free+waste,    42.88 KB ( <1%) overhead. 
      Class:      1.45 MB capacity,     1.29 MB ( 89%) used,   146.60 KB ( 10%) free+waste,    21.81 KB (  1%) overhead. 
       Both:     11.52 MB capacity,    11.03 MB ( 96%) used,   442.48 KB (  4%) free+waste,    64.69 KB ( <1%) overhead. 

Virtual space:
  Non-class space:       12.00 MB reserved,      10.25 MB ( 85%) committed 
      Class space:        1.00 GB reserved,       1.50 MB ( <1%) committed 
             Both:        1.01 GB reserved,      11.75 MB (  1%) committed 

Chunk freelists:
   Non-Class:  58.00 KB
       Class:  16.00 KB
        Both:  74.00 KB

MaxMetaspaceSize: 17179869184.00 GB
CompressedClassSpaceSize: 1.00 GB

CodeHeap 'non-profiled nmethods': size=120000Kb used=1074Kb max_used=1074Kb free=118925Kb
 bounds [0x000002399d320000, 0x000002399d590000, 0x00000239a4850000]
CodeHeap 'profiled nmethods': size=120000Kb used=3982Kb max_used=3982Kb free=116017Kb
 bounds [0x0000023995df0000, 0x00000239961e0000, 0x000002399d320000]
CodeHeap 'non-nmethods': size=5760Kb used=1311Kb max_used=1364Kb free=4448Kb
 bounds [0x0000023995850000, 0x0000023995ac0000, 0x0000023995df0000]
 total_blobs=3085 nmethods=1844 adapters=401
 compilation: enabled
              stopped_count=0, restarted_count=0
 full_count=0

Compilation events (20 events):
Event: 13.961 Thread 0x00000239abf6b000 1816       3       com.google.common.base.CharMatcher$JavaIsoControl::matches (25 bytes)
Event: 13.961 Thread 0x00000239abf6b000 nmethod 1816 0x00000239961bd710 code [0x00000239961bd8a0, 0x00000239961bda98]
Event: 13.961 Thread 0x00000239abf6b000 1817       3       com.google.common.base.CharMatcher$IsNot::matches (14 bytes)
Event: 13.962 Thread 0x00000239abf6b000 nmethod 1817 0x00000239961bdb10 code [0x00000239961bdca0, 0x00000239961bde18]
Event: 13.962 Thread 0x00000239abf6b000 1818       3       java.util.Arrays$ArrayList::size (6 bytes)
Event: 13.962 Thread 0x00000239abf6b000 nmethod 1818 0x00000239961bde90 code [0x00000239961be020, 0x00000239961be158]
Event: 13.964 Thread 0x00000239abf6b000 1819       3       okio.Buffer::writeUtf8 (557 bytes)
Event: 13.975 Thread 0x00000239abf6b000 nmethod 1819 0x00000239961be210 code [0x00000239961be780, 0x00000239961c0ca8]
Event: 13.975 Thread 0x00000239abf6b000 1820       3       sun.nio.ch.Util::isBufferTooLarge (8 bytes)
Event: 13.975 Thread 0x00000239abf6b000 nmethod 1820 0x00000239961c1c90 code [0x00000239961c1e40, 0x00000239961c1ff8]
Event: 13.975 Thread 0x00000239abf6b000 1821       3       sun.nio.ch.Util$BufferCache::offerFirst (73 bytes)
Event: 13.976 Thread 0x00000239abf6b000 nmethod 1821 0x00000239961c2110 code [0x00000239961c22c0, 0x00000239961c2638]
Event: 14.023 Thread 0x00000239abf6b000 1822       3       java.lang.AbstractStringBuilder::checkRange (63 bytes)
Event: 14.026 Thread 0x00000239abf6b000 nmethod 1822 0x00000239961c2790 code [0x00000239961c2a40, 0x00000239961c3618]
Event: 14.026 Thread 0x00000239abf6b000 1823       3       java.lang.AbstractStringBuilder::appendChars (207 bytes)
Event: 14.031 Thread 0x00000239abf6b000 nmethod 1823 0x00000239961c3a90 code [0x00000239961c3d40, 0x00000239961c4ce8]
Event: 14.031 Thread 0x00000239abf6b000 1824       3       java.lang.AbstractStringBuilder::append (63 bytes)
Event: 14.032 Thread 0x00000239abf6b000 nmethod 1824 0x00000239961c5290 code [0x00000239961c5480, 0x00000239961c5a48]
Event: 14.032 Thread 0x00000239abf6b000 1825       3       java.lang.invoke.Invokers$Holder::linkToTargetMethod (10 bytes)
Event: 14.033 Thread 0x00000239abf6b000 nmethod 1825 0x00000239961c5c10 code [0x00000239961c5dc0, 0x00000239961c6258]

GC Heap History (4 events):
Event: 0.770 GC heap before
{Heap before GC invocations=0 (full 0):
 garbage-first heap   total 126976K, used 22528K [0x0000000084600000, 0x0000000100000000)
  region size 1024K, 23 young (23552K), 0 survivors (0K)
 Metaspace       used 5250K, capacity 6258K, committed 6272K, reserved 1056768K
  class space    used 546K, capacity 632K, committed 640K, reserved 1048576K
}
Event: 0.777 GC heap after
{Heap after GC invocations=1 (full 0):
 garbage-first heap   total 126976K, used 3659K [0x0000000084600000, 0x0000000100000000)
  region size 1024K, 3 young (3072K), 3 survivors (3072K)
 Metaspace       used 5250K, capacity 6258K, committed 6272K, reserved 1056768K
  class space    used 546K, capacity 632K, committed 640K, reserved 1048576K
}
Event: 1.813 GC heap before
{Heap before GC invocations=1 (full 0):
 garbage-first heap   total 126976K, used 34379K [0x0000000084600000, 0x0000000100000000)
  region size 1024K, 33 young (33792K), 3 survivors (3072K)
 Metaspace       used 9872K, capacity 10380K, committed 10624K, reserved 1058816K
  class space    used 1152K, capacity 1313K, committed 1408K, reserved 1048576K
}
Event: 1.822 GC heap after
{Heap after GC invocations=2 (full 0):
 garbage-first heap   total 126976K, used 4858K [0x0000000084600000, 0x0000000100000000)
  region size 1024K, 2 young (2048K), 2 survivors (2048K)
 Metaspace       used 9872K, capacity 10380K, committed 10624K, reserved 1058816K
  class space    used 1152K, capacity 1313K, committed 1408K, reserved 1048576K
}

Deoptimization events (20 events):
Event: 4.609 Thread 0x000002398d0ba800 Uncommon trap: trap_request=0xffffffde fr.pc=0x000002399d40259c relative=0x000000000000013c
Event: 4.609 Thread 0x000002398d0ba800 Uncommon trap: reason=class_check action=maybe_recompile pc=0x000002399d40259c method=jdk.internal.misc.Unsafe.allocateUninitializedArray(Ljava/lang/Class;I)Ljava/lang/Object; @ 51 c2
Event: 4.609 Thread 0x000002398d0ba800 DEOPT PACKING pc=0x000002399d40259c sp=0x00000078721fdda0
Event: 4.609 Thread 0x000002398d0ba800 DEOPT UNPACKING pc=0x000002399589912f sp=0x00000078721fdd28 mode 2
Event: 4.609 Thread 0x000002398d0ba800 Uncommon trap: trap_request=0xffffffde fr.pc=0x000002399d40259c relative=0x000000000000013c
Event: 4.609 Thread 0x000002398d0ba800 Uncommon trap: reason=class_check action=maybe_recompile pc=0x000002399d40259c method=jdk.internal.misc.Unsafe.allocateUninitializedArray(Ljava/lang/Class;I)Ljava/lang/Object; @ 51 c2
Event: 4.609 Thread 0x000002398d0ba800 DEOPT PACKING pc=0x000002399d40259c sp=0x00000078721fdb40
Event: 4.609 Thread 0x000002398d0ba800 DEOPT UNPACKING pc=0x000002399589912f sp=0x00000078721fdac8 mode 2
Event: 4.609 Thread 0x000002398d0ba800 Uncommon trap: trap_request=0xffffffde fr.pc=0x000002399d40259c relative=0x000000000000013c
Event: 4.609 Thread 0x000002398d0ba800 Uncommon trap: reason=class_check action=maybe_recompile pc=0x000002399d40259c method=jdk.internal.misc.Unsafe.allocateUninitializedArray(Ljava/lang/Class;I)Ljava/lang/Object; @ 51 c2
Event: 4.609 Thread 0x000002398d0ba800 DEOPT PACKING pc=0x000002399d40259c sp=0x00000078721fd840
Event: 4.609 Thread 0x000002398d0ba800 DEOPT UNPACKING pc=0x000002399589912f sp=0x00000078721fd7c8 mode 2
Event: 4.617 Thread 0x000002398d0ba800 DEOPT PACKING pc=0x000002399614985f sp=0x00000078721fb440
Event: 4.617 Thread 0x000002398d0ba800 DEOPT UNPACKING pc=0x000002399589964e sp=0x00000078721fa968 mode 0
Event: 4.625 Thread 0x000002398d0ba800 Uncommon trap: trap_request=0xffffffde fr.pc=0x000002399d38aa58 relative=0x0000000000000e38
Event: 4.625 Thread 0x000002398d0ba800 Uncommon trap: reason=class_check action=maybe_recompile pc=0x000002399d38aa58 method=java.util.HashMap.putVal(ILjava/lang/Object;Ljava/lang/Object;ZZ)Ljava/lang/Object; @ 253 c2
Event: 4.625 Thread 0x000002398d0ba800 DEOPT PACKING pc=0x000002399d38aa58 sp=0x00000078721fe4d0
Event: 4.625 Thread 0x000002398d0ba800 DEOPT UNPACKING pc=0x000002399589912f sp=0x00000078721fe478 mode 2
Event: 4.683 Thread 0x000002398d0ba800 DEOPT PACKING pc=0x00000239961496c3 sp=0x00000078721fa600
Event: 4.683 Thread 0x000002398d0ba800 DEOPT UNPACKING pc=0x000002399589964e sp=0x00000078721f9b28 mode 0

Classes unloaded (0 events):
No events

Classes redefined (0 events):
No events

Internal exceptions (20 events):
Event: 0.928 Thread 0x000002398d0ba800 Exception <a 'java/lang/NoSuchMethodError'{0x000000008bcce640}: 'java.lang.Object java.lang.invoke.DirectMethodHandle$Holder.invokeStaticInit(java.lang.Object, java.lang.Object, int, int, int, int)'> (0x000000008bcce640) 
thrown [./open/src/hotspot/share/interpreter/linkResolver.cpp, line 766]
Event: 1.018 Thread 0x00000239ae554800 Exception <a 'java/lang/NoSuchMethodError'{0x000000008b8282b8}: 'void java.lang.invoke.DirectMethodHandle$Holder.invokeStatic(java.lang.Object, long)'> (0x000000008b8282b8) 
thrown [./open/src/hotspot/share/interpreter/linkResolver.cpp, line 766]
Event: 1.021 Thread 0x00000239ae554800 Exception <a 'java/lang/NoSuchMethodError'{0x000000008b835bb0}: 'java.lang.Object java.lang.invoke.DirectMethodHandle$Holder.invokeStaticInit(java.lang.Object, java.lang.Object, long, java.lang.Object)'> (0x000000008b835bb0) 
thrown [./open/src/hotspot/share/interpreter/linkResolver.cpp, line 766]
Event: 1.022 Thread 0x00000239ae554800 Exception <a 'java/lang/NoSuchMethodError'{0x000000008b83b718}: 'java.lang.Object java.lang.invoke.Invokers$Holder.linkToTargetMethod(java.lang.Object, long, java.lang.Object)'> (0x000000008b83b718) 
thrown [./open/src/hotspot/share/interpreter/linkResolver.cpp, line 766]
Event: 1.557 Thread 0x000002398d0ba800 Exception <a 'java/lang/NoSuchMethodError'{0x000000008b55ae38}: 'java.lang.Object java.lang.invoke.DirectMethodHandle$Holder.invokeInterface(java.lang.Object, java.lang.Object, java.lang.Object)'> (0x000000008b55ae38) 
thrown [./open/src/hotspot/share/interpreter/linkResolver.cpp, line 766]
Event: 1.558 Thread 0x000002398d0ba800 Exception <a 'java/lang/IncompatibleClassChangeError'{0x000000008b55dc00}: Found class java.lang.Object, but interface was expected> (0x000000008b55dc00) 
thrown [./open/src/hotspot/share/interpreter/linkResolver.cpp, line 832]
Event: 1.560 Thread 0x000002398d0ba800 Exception <a 'java/lang/NoSuchMethodError'{0x000000008b566ad0}: 'int java.lang.invoke.DirectMethodHandle$Holder.invokeSpecialIFC(java.lang.Object, java.lang.Object, java.lang.Object, java.lang.Object)'> (0x000000008b566ad0) 
thrown [./open/src/hotspot/share/interpreter/linkResolver.cpp, line 766]
Event: 1.562 Thread 0x000002398d0ba800 Exception <a 'java/lang/NoSuchMethodError'{0x000000008b5701c0}: 'java.lang.Object java.lang.invoke.DirectMethodHandle$Holder.invokeInterface(java.lang.Object, java.lang.Object, java.lang.Object, java.lang.Object)'> (0x000000008b5701c0) 
thrown [./open/src/hotspot/share/interpreter/linkResolver.cpp, line 766]
Event: 1.570 Thread 0x000002398d0ba800 Exception <a 'java/lang/NoSuchMethodError'{0x000000008b5b9e78}: 'java.lang.Object java.lang.invoke.DirectMethodHandle$Holder.invokeVirtual(java.lang.Object, java.lang.Object, java.lang.Object)'> (0x000000008b5b9e78) 
thrown [./open/src/hotspot/share/interpreter/linkResolver.cpp, line 766]
Event: 1.617 Thread 0x000002398d0ba800 Exception <a 'java/lang/NoSuchMethodError'{0x000000008b25b5c8}: 'int java.lang.invoke.DirectMethodHandle$Holder.invokeVirtual(java.lang.Object, java.lang.Object)'> (0x000000008b25b5c8) 
thrown [./open/src/hotspot/share/interpreter/linkResolver.cpp, line 766]
Event: 1.618 Thread 0x000002398d0ba800 Exception <a 'java/lang/NoSuchMethodError'{0x000000008b2608b8}: 'double java.lang.invoke.DirectMethodHandle$Holder.invokeVirtual(java.lang.Object, java.lang.Object)'> (0x000000008b2608b8) 
thrown [./open/src/hotspot/share/interpreter/linkResolver.cpp, line 766]
Event: 1.619 Thread 0x000002398d0ba800 Exception <a 'java/lang/NoSuchMethodError'{0x000000008b265dd0}: 'float java.lang.invoke.DirectMethodHandle$Holder.invokeVirtual(java.lang.Object, java.lang.Object)'> (0x000000008b265dd0) 
thrown [./open/src/hotspot/share/interpreter/linkResolver.cpp, line 766]
Event: 1.621 Thread 0x000002398d0ba800 Exception <a 'java/lang/NoSuchMethodError'{0x000000008b26d7d8}: 'long java.lang.invoke.DirectMethodHandle$Holder.invokeVirtual(java.lang.Object, java.lang.Object)'> (0x000000008b26d7d8) 
thrown [./open/src/hotspot/share/interpreter/linkResolver.cpp, line 766]
Event: 1.647 Thread 0x000002398d0ba800 Exception <a 'java/lang/NoSuchMethodError'{0x000000008b1edf60}: 'void java.lang.invoke.DirectMethodHandle$Holder.invokeSpecial(java.lang.Object, java.lang.Object, java.lang.Object, java.lang.Object)'> (0x000000008b1edf60) 
thrown [./open/src/hotspot/share/interpreter/linkResolver.cpp, line 766]
Event: 1.667 Thread 0x000002398d0ba800 Exception <a 'java/lang/NoSuchMethodError'{0x000000008af40b80}: 'void java.lang.invoke.DirectMethodHandle$Holder.invokeSpecial(java.lang.Object, java.lang.Object, java.lang.Object, java.lang.Object, java.lang.Object)'> (0x000000008af40b80) 
thrown [./open/src/hotspot/share/interpreter/linkResolver.cpp, line 766]
Event: 1.724 Thread 0x000002398d0ba800 Exception <a 'java/lang/NoSuchMethodError'{0x000000008ab1c168}: 'java.lang.Object java.lang.invoke.Invokers$Holder.invokeExact_MT(java.lang.Object, java.lang.Object, java.lang.Object, java.lang.Object, java.lang.Object, java.lang.Object)'> (0x000000008ab1c168) 
thrown [./open/src/hotspot/share/interpreter/linkResolver.cpp, line 766]
Event: 1.844 Thread 0x000002398d0ba800 Exception <a 'java/lang/NoSuchMethodError'{0x000000008c08b070}: 'void java.lang.invoke.DirectMethodHandle$Holder.invokeStatic(java.lang.Object, java.lang.Object, java.lang.Object, java.lang.Object)'> (0x000000008c08b070) 
thrown [./open/src/hotspot/share/interpreter/linkResolver.cpp, line 766]
Event: 4.618 Thread 0x000002398d0ba800 Exception <a 'java/lang/NoSuchMethodError'{0x000000008bb372d0}: 'java.lang.Object java.lang.invoke.DirectMethodHandle$Holder.invokeSpecialIFC(java.lang.Object, java.lang.Object, java.lang.Object)'> (0x000000008bb372d0) 
thrown [./open/src/hotspot/share/interpreter/linkResolver.cpp, line 766]
Event: 4.640 Thread 0x000002398d0ba800 Exception <a 'java/lang/NoSuchMethodError'{0x000000008ba3a300}: 'java.lang.Object java.lang.invoke.DirectMethodHandle$Holder.invokeStatic(java.lang.Object, int, java.lang.Object)'> (0x000000008ba3a300) 
thrown [./open/src/hotspot/share/interpreter/linkResolver.cpp, line 766]
Event: 4.656 Thread 0x000002398d0ba800 Exception <a 'java/lang/ClassNotFoundException'{0x000000008ba9fe58}: sun/util/logging/resources/spi/loggingProvider> (0x000000008ba9fe58) 
thrown [./open/src/hotspot/share/classfile/systemDictionary.cpp, line 226]

Events (20 events):
Event: 4.670 Executing VM operation: HandshakeOneThread done
Event: 4.678 loading class java/util/UUID$Holder
Event: 4.678 loading class java/util/UUID$Holder done
Event: 4.690 Loaded shared library C:\Program Files\Java\jdk-14.0.1\bin\java.dll
Event: 6.529 Executing VM operation: HandshakeOneThread
Event: 6.529 Executing VM operation: HandshakeOneThread done
Event: 6.529 Executing VM operation: HandshakeOneThread
Event: 6.529 Executing VM operation: HandshakeOneThread done
Event: 6.529 Executing VM operation: HandshakeOneThread
Event: 6.529 Executing VM operation: HandshakeOneThread done
Event: 6.530 Thread 0x00000239adb39800 Thread exited: 0x00000239adb39800
Event: 6.814 Thread 0x00000239b0a6f800 Thread exited: 0x00000239b0a6f800
Event: 13.863 loading class java/io/UnsupportedEncodingException
Event: 13.863 loading class java/io/UnsupportedEncodingException done
Event: 13.863 loading class java/net/URLEncoder
Event: 13.863 loading class java/net/URLEncoder done
Event: 13.864 loading class java/util/BitSet
Event: 13.864 loading class java/util/BitSet done
Event: 13.865 loading class java/io/CharArrayWriter
Event: 13.865 loading class java/io/CharArrayWriter done


Dynamic libraries:
0x00007ff796bf0000 - 0x00007ff796bff000 	C:\Program Files\Java\jdk-14.0.1\bin\javaw.exe
0x00007ff8efb00000 - 0x00007ff8efcf0000 	C:\Windows\SYSTEM32\ntdll.dll
0x00007ff8ef4a0000 - 0x00007ff8ef552000 	C:\Windows\System32\KERNEL32.DLL
0x00007ff8ecc50000 - 0x00007ff8ecef5000 	C:\Windows\System32\KERNELBASE.dll
0x00007ff8ea760000 - 0x00007ff8ea7ef000 	C:\Windows\SYSTEM32\apphelp.dll
0x00007ff8ecb50000 - 0x00007ff8ecc4a000 	C:\Windows\System32\ucrtbase.dll
0x00007ff8e7850000 - 0x00007ff8e7868000 	C:\Program Files\Java\jdk-14.0.1\bin\jli.dll
0x00007ff8e7dd0000 - 0x00007ff8e7de5000 	C:\Program Files\Java\jdk-14.0.1\bin\VCRUNTIME140.dll
0x00007ff8ee700000 - 0x00007ff8ee7a3000 	C:\Windows\System32\ADVAPI32.dll
0x00007ff8eece0000 - 0x00007ff8eed7e000 	C:\Windows\System32\msvcrt.dll
0x00007ff8ee280000 - 0x00007ff8ee317000 	C:\Windows\System32\sechost.dll
0x00007ff8ee350000 - 0x00007ff8ee470000 	C:\Windows\System32\RPCRT4.dll
0x00007ff8ee880000 - 0x00007ff8eea14000 	C:\Windows\System32\USER32.dll
0x00007ff8eca70000 - 0x00007ff8eca91000 	C:\Windows\System32\win32u.dll
0x00007ff8e16c0000 - 0x00007ff8e1944000 	C:\Windows\WinSxS\amd64_microsoft.windows.common-controls_6595b64144ccf1df_6.0.18362.1256_none_9e7e379be45e40e2\COMCTL32.dll
0x00007ff8ef470000 - 0x00007ff8ef496000 	C:\Windows\System32\GDI32.dll
0x00007ff8eddd0000 - 0x00007ff8ee106000 	C:\Windows\System32\combase.dll
0x00007ff8ecf00000 - 0x00007ff8ed096000 	C:\Windows\System32\gdi32full.dll
0x00007ff8ed0a0000 - 0x00007ff8ed121000 	C:\Windows\System32\bcryptPrimitives.dll
0x00007ff8ed130000 - 0x00007ff8ed1ce000 	C:\Windows\System32\msvcp_win.dll
0x00007ff8e73b0000 - 0x00007ff8e73ba000 	C:\Windows\SYSTEM32\VERSION.dll
0x00007ff8ee320000 - 0x00007ff8ee34e000 	C:\Windows\System32\IMM32.DLL
0x00007ff8e0360000 - 0x00007ff8e03fb000 	C:\Program Files\Java\jdk-14.0.1\bin\msvcp140.dll
0x00007ff8bac80000 - 0x00007ff8bb79e000 	C:\Program Files\Java\jdk-14.0.1\bin\server\jvm.dll
0x00007ff8ef5e0000 - 0x00007ff8ef5e8000 	C:\Windows\System32\PSAPI.DLL
0x00007ff8e10a0000 - 0x00007ff8e10a9000 	C:\Windows\SYSTEM32\WSOCK32.dll
0x00007ff8c94d0000 - 0x00007ff8c94f4000 	C:\Windows\SYSTEM32\WINMM.dll
0x00007ff8eeaf0000 - 0x00007ff8eeb5f000 	C:\Windows\System32\WS2_32.dll
0x00007ff8dd4e0000 - 0x00007ff8dd50d000 	C:\Windows\SYSTEM32\winmmbase.dll
0x00007ff8ed1d0000 - 0x00007ff8ed21a000 	C:\Windows\System32\cfgmgr32.dll
0x00007ff8ec9b0000 - 0x00007ff8ec9c1000 	C:\Windows\System32\kernel.appcore.dll
0x00007ff8e83c0000 - 0x00007ff8e83ca000 	C:\Program Files\Java\jdk-14.0.1\bin\jimage.dll
0x00007ff8eb180000 - 0x00007ff8eb374000 	C:\Windows\SYSTEM32\DBGHELP.DLL
0x00007ff8e4560000 - 0x00007ff8e458a000 	C:\Windows\SYSTEM32\dbgcore.DLL
0x00007ff8e1010000 - 0x00007ff8e1048000 	C:\Program Files\Java\jdk-14.0.1\bin\jdwp.dll
0x00007ff8e12e0000 - 0x00007ff8e1305000 	C:\Program Files\Java\jdk-14.0.1\bin\java.dll
0x00007ff8e8160000 - 0x00007ff8e816e000 	C:\Program Files\Java\jdk-14.0.1\bin\instrument.dll
0x00007ff8e6080000 - 0x00007ff8e6096000 	C:\Program Files\Java\jdk-14.0.1\bin\zip.dll
0x00007ff8eed80000 - 0x00007ff8ef467000 	C:\Windows\System32\SHELL32.dll
0x00007ff8eea20000 - 0x00007ff8eeac9000 	C:\Windows\System32\shcore.dll
0x00007ff8ed3c0000 - 0x00007ff8edb41000 	C:\Windows\System32\windows.storage.dll
0x00007ff8eca20000 - 0x00007ff8eca43000 	C:\Windows\System32\profapi.dll
0x00007ff8ec9d0000 - 0x00007ff8eca1a000 	C:\Windows\System32\powrprof.dll
0x00007ff8ec9a0000 - 0x00007ff8ec9b0000 	C:\Windows\System32\UMPDC.dll
0x00007ff8edbb0000 - 0x00007ff8edc02000 	C:\Windows\System32\shlwapi.dll
0x00007ff8ed370000 - 0x00007ff8ed387000 	C:\Windows\System32\cryptsp.dll
0x00007ff8e7e70000 - 0x00007ff8e7e7b000 	C:\Program Files\Java\jdk-14.0.1\bin\dt_socket.dll
0x00007ff8ebea0000 - 0x00007ff8ebeda000 	C:\Windows\SYSTEM32\IPHLPAPI.DLL
0x00007ff8ec190000 - 0x00007ff8ec1f7000 	C:\Windows\system32\mswsock.dll
0x00007ff8ebee0000 - 0x00007ff8ebfab000 	C:\Windows\SYSTEM32\DNSAPI.dll
0x00007ff8ee470000 - 0x00007ff8ee478000 	C:\Windows\System32\NSI.dll
0x00007ff8e0d80000 - 0x00007ff8e0d8a000 	C:\Windows\System32\rasadhlp.dll
0x00007ff8e4d40000 - 0x00007ff8e4db7000 	C:\Windows\System32\fwpuclnt.dll
0x00007ff8ed390000 - 0x00007ff8ed3b6000 	C:\Windows\System32\bcrypt.dll
0x00007ff8e3f60000 - 0x00007ff8e3f79000 	C:\Program Files\Java\jdk-14.0.1\bin\net.dll
0x00007ff8e57f0000 - 0x00007ff8e58e0000 	C:\Windows\SYSTEM32\WINHTTP.dll
0x00007ff8e3280000 - 0x00007ff8e3292000 	C:\Program Files\Java\jdk-14.0.1\bin\nio.dll
0x00007ff8e7dc0000 - 0x00007ff8e7dd0000 	C:\Program Files\Java\jdk-14.0.1\bin\verify.dll
0x00007ff8e67e0000 - 0x00007ff8e67ee000 	C:\Program Files\Java\jdk-14.0.1\bin\sunmscapi.dll
0x00007ff8ed220000 - 0x00007ff8ed369000 	C:\Windows\System32\CRYPT32.dll
0x00007ff8eca50000 - 0x00007ff8eca62000 	C:\Windows\System32\MSASN1.dll
0x00007ff8ec460000 - 0x00007ff8ec486000 	C:\Windows\SYSTEM32\ncrypt.dll
0x00007ff8ec420000 - 0x00007ff8ec45b000 	C:\Windows\SYSTEM32\NTASN1.dll
0x00007ff8e0fb0000 - 0x00007ff8e0fd5000 	C:\Program Files\Java\jdk-14.0.1\bin\sunec.dll
0x00007ff8ebd00000 - 0x00007ff8ebd33000 	C:\Windows\system32\rsaenh.dll
0x00007ff8ec880000 - 0x00007ff8ec8a5000 	C:\Windows\SYSTEM32\USERENV.dll
0x00007ff8ec360000 - 0x00007ff8ec36c000 	C:\Windows\SYSTEM32\CRYPTBASE.dll
0x00007ff8e5510000 - 0x00007ff8e5526000 	C:\Windows\SYSTEM32\dhcpcsvc6.DLL
0x00007ff8e57c0000 - 0x00007ff8e57dc000 	C:\Windows\SYSTEM32\dhcpcsvc.DLL

dbghelp: loaded successfully - version: 4.0.5 - missing functions: none
symbol engine: initialized successfully - sym options: 0x614 - pdb path: .;C:\Program Files\Java\jdk-14.0.1\bin;C:\Windows\SYSTEM32;C:\Windows\WinSxS\amd64_microsoft.windows.common-controls_6595b64144ccf1df_6.0.18362.1256_none_9e7e379be45e40e2;C:\Program Files\Java\jdk-14.0.1\bin\server

VM Arguments:
jvm_args: -agentlib:jdwp=transport=dt_socket,suspend=y,address=localhost:52508 -javaagent:C:\Users\dmeps\.eclipse\org.eclipse.platform_4.15.0_1709980481_win32_win32_x86_64\configuration\org.eclipse.osgi\225\0\.cp\lib\javaagent-shaded.jar -Dfile.encoding=Cp1252 
java_command: tables.SumRowsData
java_class_path (initial): C:\Users\dmeps\eclipse-workspace\Selenium\bin;C:\Users\dmeps\selenium-java-3.141.59\client-combined-3.141.59.jar;C:\Users\dmeps\selenium-java-3.141.59\client-combined-3.141.59-sources.jar;C:\Users\dmeps\selenium-java-3.141.59\libs\byte-buddy-1.8.15.jar;C:\Users\dmeps\selenium-java-3.141.59\libs\guava-25.0-jre.jar;C:\Users\dmeps\selenium-java-3.141.59\libs\okhttp-3.11.0.jar;C:\Users\dmeps\selenium-java-3.141.59\libs\okio-1.14.0.jar;C:\Users\dmeps\selenium-java-3.141.59\libs\commons-io-2.7.jar;C:\Users\dmeps\selenium-java-3.141.59\libs\commons-io-2.7-javadoc.jar;C:\Users\dmeps\selenium-java-3.141.59\libs\commons-io-2.7-sources.jar;C:\Users\dmeps\selenium-java-3.141.59\libs\commons-io-2.7-tests.jar;C:\Users\dmeps\selenium-java-3.141.59\libs\commons-io-2.7-test-sources.jar;C:\Users\dmeps\selenium-java-3.141.59\libs\commons-exec-1.3.jar;C:\Users\dmeps\selenium-java-3.141.59\libs\ashot-1.5.4.jar;C:\Users\dmeps\selenium-java-3.141.59\libs\testng-7.3.0.jar;C:\Users\dmeps\.eclipse\org.eclipse.platform_4.15.0_1709980481_win32_win32_x86_64\plugins\org.testng_7.3.0.r202008060316.jar;C:\Users\dmeps\.eclipse\org.eclipse.platform_4.15.0_1709980481_win32_win32_x86_64\plugins\com.beust.jcommander_1.78.0.jar;C:\Users\dmeps\.eclipse\org.eclipse.platform_4.15.0_1709980481_win32_win32_x86_64\plugins\org.apache-extras.beanshell.bsh_2.0.0.b6.jar;C:\Users\dmeps\.eclipse\org.eclipse.platform_4.15.0_1709980481_win32_win32_x86_64\plugins\org.yaml.snakeyaml_1.21.0.jar
Launcher Type: SUN_STANDARD

[Global flags]
     intx CICompilerCount                          = 4                                         {product} {ergonomic}
     uint ConcGCThreads                            = 2                                         {product} {ergonomic}
     uint G1ConcRefinementThreads                  = 8                                         {product} {ergonomic}
   size_t G1HeapRegionSize                         = 1048576                                   {product} {ergonomic}
    uintx GCDrainStackTargetSize                   = 64                                        {product} {ergonomic}
   size_t InitialHeapSize                          = 130023424                                 {product} {ergonomic}
   size_t MarkStackSize                            = 4194304                                   {product} {ergonomic}
   size_t MaxHeapSize                              = 2074083328                                {product} {ergonomic}
   size_t MaxNewSize                               = 1243611136                                {product} {ergonomic}
   size_t MinHeapDeltaBytes                        = 1048576                                   {product} {ergonomic}
   size_t MinHeapSize                              = 8388608                                   {product} {ergonomic}
    uintx NonNMethodCodeHeapSize                   = 5839372                                {pd product} {ergonomic}
    uintx NonProfiledCodeHeapSize                  = 122909434                              {pd product} {ergonomic}
    uintx ProfiledCodeHeapSize                     = 122909434                              {pd product} {ergonomic}
    uintx ReservedCodeCacheSize                    = 251658240                              {pd product} {ergonomic}
     bool SegmentedCodeCache                       = true                                      {product} {ergonomic}
   size_t SoftMaxHeapSize                          = 2074083328                             {manageable} {ergonomic}
     bool UseCompressedClassPointers               = true                                 {lp64_product} {ergonomic}
     bool UseCompressedOops                        = true                                 {lp64_product} {ergonomic}
     bool UseG1GC                                  = true                                      {product} {ergonomic}
     bool UseLargePagesIndividualAllocation        = false                                  {pd product} {ergonomic}

Logging:
Log output configuration:
 #0: stdout all=warning uptime,level,tags
 #1: stderr all=off uptime,level,tags

Environment Variables:
JAVA_HOME=C:\Program Files\Java\jdk-14.0.1
PATH=C:/Program Files/Java/jre1.8.0_271/bin/server;C:/Program Files/Java/jre1.8.0_271/bin;C:/Program Files/Java/jre1.8.0_271/lib/amd64;C:\Program Files (x86)\Common Files\Oracle\Java\javapath;C:\Windows\system32;C:\Windows;C:\Windows\System32\Wbem;C:\Windows\System32\WindowsPowerShell\v1.0\;C:\Windows\System32\OpenSSH\;C:\Program Files\Java\jdk-14.0.1\bin\;C:\Users\dmeps\apache-maven-3.6.3\bin;C:\Program Files\Java\jdk-14.0.1\bin;C:\Program Files\Git\cmd;C:\Program Files\MySQL\MySQL Shell 8.0\bin\;C:\Program Files\eclipse;
USERNAME=dmeps
OS=Windows_NT
PROCESSOR_IDENTIFIER=Intel64 Family 6 Model 142 Stepping 12, GenuineIntel



---------------  S Y S T E M  ---------------

OS: Windows 10 , 64 bit Build 18362 (10.0.18362.1110)
OS uptime: 9 days 7:31 hours

CPU:total 8 (initial active 8) (4 cores per cpu, 2 threads per core) family 6 model 142 stepping 12, cmov, cx8, fxsr, mmx, sse, sse2, sse3, ssse3, sse4.1, sse4.2, popcnt, avx, avx2, aes, clmul, erms, 3dnowpref, lzcnt, ht, tsc, tscinvbit, bmi1, bmi2, adx, fma

Memory: 4k page, system-wide physical 7908M (1436M free)
TotalPageFile size 7908M (AvailPageFile size 11M)
current process WorkingSet (physical memory assigned to process): 104M, peak: 142M
current process commit charge ("private bytes"): 235M, peak: 272M

vm_info: Java HotSpot(TM) 64-Bit Server VM (14.0.1+7) for windows-amd64 JRE (14.0.1+7), built on Mar  5 2020 10:30:14 by "mach5one" with MS VC++ 15.9 (VS2017)

END.
