#
# There is insufficient memory for the Java Runtime Environment to continue.
# Native memory allocation (malloc) failed to allocate 2258272 bytes for Chunk::new
# Possible reasons:
#   The system is out of physical RAM or swap space
#   The process is running with CompressedOops enabled, and the Java Heap may be blocking the growth of the native heap
# Possible solutions:
#   Reduce memory load on the system
#   Increase physical memory or swap space
#   Check if swap backing store is full
#   Decrease Java heap size (-Xmx/-Xms)
#   Decrease number of Java threads
#   Decrease Java thread stack sizes (-Xss)
#   Set larger code cache with -XX:ReservedCodeCacheSize=
#   JVM is running with Unscaled Compressed Oops mode in which the Java heap is
#     placed in the first 4GB address space. The Java Heap base address is the
#     maximum limit for the native heap growth. Please use -XX:HeapBaseMinAddress
#     to set the Java Heap base and to place the Java Heap above 4GB virtual address.
# This output file may be truncated or incomplete.
#
#  Out of Memory Error (./open/src/hotspot/share/memory/arena.cpp:195), pid=18648, tid=7952
#
# JRE version: Java(TM) SE Runtime Environment (14.0.1+7) (build 14.0.1+7)
# Java VM: Java HotSpot(TM) 64-Bit Server VM (14.0.1+7, mixed mode, sharing, tiered, compressed oops, g1 gc, windows-amd64)
# No core dump will be written. Minidumps are not enabled by default on client versions of Windows
#

---------------  S U M M A R Y ------------

Command Line: -agentlib:jdwp=transport=dt_socket,suspend=y,address=localhost:52430 -javaagent:C:\Users\dmeps\.eclipse\org.eclipse.platform_4.15.0_1709980481_win32_win32_x86_64\configuration\org.eclipse.osgi\225\0\.cp\lib\javaagent-shaded.jar -Dfile.encoding=Cp1252 tables.SumRowsData

Host: Intel(R) Core(TM) i5-10210U CPU @ 1.60GHz, 8 cores, 7G,  Windows 10 , 64 bit Build 18362 (10.0.18362.1110)
Time: Fri Dec 18 23:03:44 2020 Eastern Standard Time elapsed time: 1 seconds (0d 0h 0m 1s)

---------------  T H R E A D  ---------------

Current thread (0x00000245fcefc000):  JavaThread "C2 CompilerThread0" daemon [_thread_in_native, id=7952, stack(0x000000dc3e900000,0x000000dc3ea00000)]


Current CompileTask:
C2:   1927 1572       4       org.eclipse.jdt.launching.internal.org.objectweb.asm.ClassReader::readMethod (1052 bytes)

Stack: [0x000000dc3e900000,0x000000dc3ea00000]
Native frames: (J=compiled Java code, j=interpreted, Vv=VM code, C=native code)
V  [jvm.dll+0x5f840a]
V  [jvm.dll+0x741e4a]
V  [jvm.dll+0x7435ff]
V  [jvm.dll+0x743c43]
V  [jvm.dll+0x20d288]
V  [jvm.dll+0xabb07]
V  [jvm.dll+0xac1fc]
V  [jvm.dll+0x31c4c5]
V  [jvm.dll+0x18ce00]
V  [jvm.dll+0x1e5efa]
V  [jvm.dll+0x1e50b8]
V  [jvm.dll+0x1779cc]
V  [jvm.dll+0x1f4105]
V  [jvm.dll+0x1f22eb]
V  [jvm.dll+0x706a9d]
V  [jvm.dll+0x6ff8ba]
V  [jvm.dll+0x5f72c6]
C  [ucrtbase.dll+0x210b2]
C  [KERNEL32.DLL+0x17c24]
C  [ntdll.dll+0x6d4d1]


---------------  P R O C E S S  ---------------

Threads class SMR info:
_java_thread_list=0x00000245fefc3370, length=23, elements={
0x00000245ed028800, 0x00000245fcecf800, 0x00000245fced0800, 0x00000245fceeb800,
0x00000245fcef0000, 0x00000245fcef1000, 0x00000245fcefc000, 0x00000245fcf0a000,
0x00000245fcf0d000, 0x00000245fceb3800, 0x00000245fda83800, 0x00000245fda38800,
0x00000245fda3b800, 0x00000245fd93d000, 0x00000245fdf70800, 0x000002458f209800,
0x000002458f4bb000, 0x00000245fec50000, 0x00000245ff2a5000, 0x000002458fb9f000,
0x00000245fe94c000, 0x00000245feffa000, 0x00000245ff4cf800
}

Java Threads: ( => current thread )
  0x00000245ed028800 JavaThread "Forwarding newSession on session null to remote" [_thread_in_native, id=11820, stack(0x000000dc3dd00000,0x000000dc3de00000)]
  0x00000245fcecf800 JavaThread "Reference Handler" daemon [_thread_blocked, id=16172, stack(0x000000dc3e400000,0x000000dc3e500000)]
  0x00000245fced0800 JavaThread "Finalizer" daemon [_thread_blocked, id=13360, stack(0x000000dc3e500000,0x000000dc3e600000)]
  0x00000245fceeb800 JavaThread "Signal Dispatcher" daemon [_thread_blocked, id=14216, stack(0x000000dc3e600000,0x000000dc3e700000)]
  0x00000245fcef0000 JavaThread "Attach Listener" daemon [_thread_blocked, id=15112, stack(0x000000dc3e700000,0x000000dc3e800000)]
  0x00000245fcef1000 JavaThread "Service Thread" daemon [_thread_blocked, id=12196, stack(0x000000dc3e800000,0x000000dc3e900000)]
=>0x00000245fcefc000 JavaThread "C2 CompilerThread0" daemon [_thread_in_native, id=7952, stack(0x000000dc3e900000,0x000000dc3ea00000)]
  0x00000245fcf0a000 JavaThread "C1 CompilerThread0" daemon [_thread_blocked, id=19188, stack(0x000000dc3ea00000,0x000000dc3eb00000)]
  0x00000245fcf0d000 JavaThread "Sweeper thread" daemon [_thread_blocked, id=9996, stack(0x000000dc3eb00000,0x000000dc3ec00000)]
  0x00000245fceb3800 JavaThread "Common-Cleaner" daemon [_thread_blocked, id=6464, stack(0x000000dc3ec00000,0x000000dc3ed00000)]
  0x00000245fda83800 JavaThread "JDWP Transport Listener: dt_socket" daemon [_thread_blocked, id=10072, stack(0x000000dc3ee00000,0x000000dc3ef00000)]
  0x00000245fda38800 JavaThread "JDWP Event Helper Thread" daemon [_thread_blocked, id=11700, stack(0x000000dc3ef00000,0x000000dc3f000000)]
  0x00000245fda3b800 JavaThread "JDWP Command Reader" daemon [_thread_in_native, id=14484, stack(0x000000dc3f000000,0x000000dc3f100000)]
  0x00000245fd93d000 JavaThread "C2 CompilerThread1" daemon [_thread_blocked, id=18160, stack(0x000000dc3ed00000,0x000000dc3ee00000)]
  0x00000245fdf70800 JavaThread "Notification Thread" daemon [_thread_blocked, id=9964, stack(0x000000dc3f100000,0x000000dc3f200000)]
  0x000002458f209800 JavaThread "Exec Default Executor" daemon [_thread_in_native, id=16144, stack(0x000000dc3f500000,0x000000dc3f600000)]
  0x000002458f4bb000 JavaThread "UrlChecker-2" daemon [_thread_blocked, id=10996, stack(0x000000dc3f600000,0x000000dc3f700000)]
  0x00000245fec50000 JavaThread "Exec Stream Pumper" daemon [_thread_in_native, id=10804, stack(0x000000dc3f800000,0x000000dc3f900000)]
  0x00000245ff2a5000 JavaThread "Exec Stream Pumper" daemon [_thread_in_native, id=15180, stack(0x000000dc3f900000,0x000000dc3fa00000)]
  0x000002458fb9f000 JavaThread "Keep-Alive-Timer" daemon [_thread_blocked, id=14584, stack(0x000000dc3f300000,0x000000dc3f400000)]
  0x00000245fe94c000 JavaThread "C2 CompilerThread2" daemon [_thread_blocked, id=344, stack(0x000000dc3fa00000,0x000000dc3fb00000)]
  0x00000245feffa000 JavaThread "OkHttp ConnectionPool" daemon [_thread_blocked, id=16072, stack(0x000000dc3fb00000,0x000000dc3fc00000)]
  0x00000245ff4cf800 JavaThread "Okio Watchdog" daemon [_thread_blocked, id=15796, stack(0x000000dc3fc00000,0x000000dc3fd00000)]

Other Threads:
  0x00000245fcecd800 VMThread "VM Thread" [stack: 0x000000dc3e300000,0x000000dc3e400000] [id=7744]
  0x00000245fdf80000 WatcherThread [stack: 0x000000dc3f200000,0x000000dc3f300000] [id=12068]
  0x00000245ed06b000 GCTaskThread "GC Thread#0" [stack: 0x000000dc3de00000,0x000000dc3df00000] [id=3800]
  0x00000245ff4b5800 GCTaskThread "GC Thread#1" [stack: 0x000000dc3f400000,0x000000dc3f500000] [id=3556]
  0x00000245ed07c800 ConcurrentGCThread "G1 Main Marker" [stack: 0x000000dc3df00000,0x000000dc3e000000] [id=10040]
  0x00000245ed07d800 ConcurrentGCThread "G1 Conc#0" [stack: 0x000000dc3e000000,0x000000dc3e100000] [id=4200]
  0x00000245ed0ee800 ConcurrentGCThread "G1 Refine#0" [stack: 0x000000dc3e100000,0x000000dc3e200000] [id=3200]
  0x00000245fcd33000 ConcurrentGCThread "G1 Young RemSet Sampling" [stack: 0x000000dc3e200000,0x000000dc3e300000] [id=12840]

Threads with active compile tasks:
C2 CompilerThread0     1942 1572       4       org.eclipse.jdt.launching.internal.org.objectweb.asm.ClassReader::readMethod (1052 bytes)

VM state:not at safepoint (normal execution)

VM Mutex/Monitor currently owned by a thread: None

Heap address: 0x0000000084600000, size: 1978 MB, Compressed Oops mode: 32-bit
Narrow klass base: 0x0000000800000000, Narrow klass shift: 3
Compressed class space size: 1073741824 Address: 0x0000000800b30000

Heap:
 garbage-first heap   total 126976K, used 11095K [0x0000000084600000, 0x0000000100000000)
  region size 1024K, 9 young (9216K), 2 survivors (2048K)
 Metaspace       used 10464K, capacity 10901K, committed 11136K, reserved 1058816K
  class space    used 1219K, capacity 1356K, committed 1408K, reserved 1048576K
Heap Regions: E=young(eden), S=young(survivor), O=old, HS=humongous(starts), HC=humongous(continues), CS=collection set, F=free, OA=open archive, CA=closed archive, TAMS=top-at-mark-start (previous, next)
|   0|0x0000000084600000, 0x0000000084700000, 0x0000000084700000|100%| O|  |TAMS 0x0000000084600000, 0x0000000084600000| Untracked 
|   1|0x0000000084700000, 0x0000000084800000, 0x0000000084800000|100%| O|  |TAMS 0x0000000084700000, 0x0000000084700000| Untracked 
|   2|0x0000000084800000, 0x0000000084900000, 0x0000000084900000|100%| O|  |TAMS 0x0000000084800000, 0x0000000084800000| Untracked 
|   3|0x0000000084900000, 0x00000000849b0200, 0x0000000084a00000| 68%| O|  |TAMS 0x0000000084900000, 0x0000000084900000| Untracked 
|   4|0x0000000084a00000, 0x0000000084a00000, 0x0000000084b00000|  0%| F|  |TAMS 0x0000000084a00000, 0x0000000084a00000| Untracked 
|   5|0x0000000084b00000, 0x0000000084b00000, 0x0000000084c00000|  0%| F|  |TAMS 0x0000000084b00000, 0x0000000084b00000| Untracked 
|   6|0x0000000084c00000, 0x0000000084c00000, 0x0000000084d00000|  0%| F|  |TAMS 0x0000000084c00000, 0x0000000084c00000| Untracked 
|   7|0x0000000084d00000, 0x0000000084d00000, 0x0000000084e00000|  0%| F|  |TAMS 0x0000000084d00000, 0x0000000084d00000| Untracked 
|   8|0x0000000084e00000, 0x0000000084e00000, 0x0000000084f00000|  0%| F|  |TAMS 0x0000000084e00000, 0x0000000084e00000| Untracked 
|   9|0x0000000084f00000, 0x0000000084f00000, 0x0000000085000000|  0%| F|  |TAMS 0x0000000084f00000, 0x0000000084f00000| Untracked 
|  10|0x0000000085000000, 0x0000000085000000, 0x0000000085100000|  0%| F|  |TAMS 0x0000000085000000, 0x0000000085000000| Untracked 
|  11|0x0000000085100000, 0x0000000085100000, 0x0000000085200000|  0%| F|  |TAMS 0x0000000085100000, 0x0000000085100000| Untracked 
|  12|0x0000000085200000, 0x0000000085200000, 0x0000000085300000|  0%| F|  |TAMS 0x0000000085200000, 0x0000000085200000| Untracked 
|  13|0x0000000085300000, 0x0000000085300000, 0x0000000085400000|  0%| F|  |TAMS 0x0000000085300000, 0x0000000085300000| Untracked 
|  14|0x0000000085400000, 0x0000000085400000, 0x0000000085500000|  0%| F|  |TAMS 0x0000000085400000, 0x0000000085400000| Untracked 
|  15|0x0000000085500000, 0x0000000085500000, 0x0000000085600000|  0%| F|  |TAMS 0x0000000085500000, 0x0000000085500000| Untracked 
|  16|0x0000000085600000, 0x0000000085600000, 0x0000000085700000|  0%| F|  |TAMS 0x0000000085600000, 0x0000000085600000| Untracked 
|  17|0x0000000085700000, 0x0000000085700000, 0x0000000085800000|  0%| F|  |TAMS 0x0000000085700000, 0x0000000085700000| Untracked 
|  18|0x0000000085800000, 0x0000000085800000, 0x0000000085900000|  0%| F|  |TAMS 0x0000000085800000, 0x0000000085800000| Untracked 
|  19|0x0000000085900000, 0x0000000085900000, 0x0000000085a00000|  0%| F|  |TAMS 0x0000000085900000, 0x0000000085900000| Untracked 
|  20|0x0000000085a00000, 0x0000000085a00000, 0x0000000085b00000|  0%| F|  |TAMS 0x0000000085a00000, 0x0000000085a00000| Untracked 
|  21|0x0000000085b00000, 0x0000000085b00000, 0x0000000085c00000|  0%| F|  |TAMS 0x0000000085b00000, 0x0000000085b00000| Untracked 
|  22|0x0000000085c00000, 0x0000000085c00000, 0x0000000085d00000|  0%| F|  |TAMS 0x0000000085c00000, 0x0000000085c00000| Untracked 
|  23|0x0000000085d00000, 0x0000000085d00000, 0x0000000085e00000|  0%| F|  |TAMS 0x0000000085d00000, 0x0000000085d00000| Untracked 
|  24|0x0000000085e00000, 0x0000000085e00000, 0x0000000085f00000|  0%| F|  |TAMS 0x0000000085e00000, 0x0000000085e00000| Untracked 
|  25|0x0000000085f00000, 0x0000000085f00000, 0x0000000086000000|  0%| F|  |TAMS 0x0000000085f00000, 0x0000000085f00000| Untracked 
|  26|0x0000000086000000, 0x0000000086000000, 0x0000000086100000|  0%| F|  |TAMS 0x0000000086000000, 0x0000000086000000| Untracked 
|  27|0x0000000086100000, 0x0000000086100000, 0x0000000086200000|  0%| F|  |TAMS 0x0000000086100000, 0x0000000086100000| Untracked 
|  28|0x0000000086200000, 0x0000000086200000, 0x0000000086300000|  0%| F|  |TAMS 0x0000000086200000, 0x0000000086200000| Untracked 
|  29|0x0000000086300000, 0x0000000086300000, 0x0000000086400000|  0%| F|  |TAMS 0x0000000086300000, 0x0000000086300000| Untracked 
|  30|0x0000000086400000, 0x0000000086400000, 0x0000000086500000|  0%| F|  |TAMS 0x0000000086400000, 0x0000000086400000| Untracked 
|  31|0x0000000086500000, 0x0000000086500000, 0x0000000086600000|  0%| F|  |TAMS 0x0000000086500000, 0x0000000086500000| Untracked 
|  32|0x0000000086600000, 0x0000000086600000, 0x0000000086700000|  0%| F|  |TAMS 0x0000000086600000, 0x0000000086600000| Untracked 
|  33|0x0000000086700000, 0x0000000086700000, 0x0000000086800000|  0%| F|  |TAMS 0x0000000086700000, 0x0000000086700000| Untracked 
|  34|0x0000000086800000, 0x0000000086800000, 0x0000000086900000|  0%| F|  |TAMS 0x0000000086800000, 0x0000000086800000| Untracked 
|  35|0x0000000086900000, 0x0000000086900000, 0x0000000086a00000|  0%| F|  |TAMS 0x0000000086900000, 0x0000000086900000| Untracked 
|  36|0x0000000086a00000, 0x0000000086a00000, 0x0000000086b00000|  0%| F|  |TAMS 0x0000000086a00000, 0x0000000086a00000| Untracked 
|  37|0x0000000086b00000, 0x0000000086b00000, 0x0000000086c00000|  0%| F|  |TAMS 0x0000000086b00000, 0x0000000086b00000| Untracked 
|  38|0x0000000086c00000, 0x0000000086c00000, 0x0000000086d00000|  0%| F|  |TAMS 0x0000000086c00000, 0x0000000086c00000| Untracked 
|  39|0x0000000086d00000, 0x0000000086d00000, 0x0000000086e00000|  0%| F|  |TAMS 0x0000000086d00000, 0x0000000086d00000| Untracked 
|  40|0x0000000086e00000, 0x0000000086e00000, 0x0000000086f00000|  0%| F|  |TAMS 0x0000000086e00000, 0x0000000086e00000| Untracked 
|  41|0x0000000086f00000, 0x0000000086f00000, 0x0000000087000000|  0%| F|  |TAMS 0x0000000086f00000, 0x0000000086f00000| Untracked 
|  42|0x0000000087000000, 0x0000000087000000, 0x0000000087100000|  0%| F|  |TAMS 0x0000000087000000, 0x0000000087000000| Untracked 
|  43|0x0000000087100000, 0x0000000087100000, 0x0000000087200000|  0%| F|  |TAMS 0x0000000087100000, 0x0000000087100000| Untracked 
|  44|0x0000000087200000, 0x0000000087200000, 0x0000000087300000|  0%| F|  |TAMS 0x0000000087200000, 0x0000000087200000| Untracked 
|  45|0x0000000087300000, 0x0000000087300000, 0x0000000087400000|  0%| F|  |TAMS 0x0000000087300000, 0x0000000087300000| Untracked 
|  46|0x0000000087400000, 0x0000000087400000, 0x0000000087500000|  0%| F|  |TAMS 0x0000000087400000, 0x0000000087400000| Untracked 
|  47|0x0000000087500000, 0x0000000087500000, 0x0000000087600000|  0%| F|  |TAMS 0x0000000087500000, 0x0000000087500000| Untracked 
|  48|0x0000000087600000, 0x0000000087600000, 0x0000000087700000|  0%| F|  |TAMS 0x0000000087600000, 0x0000000087600000| Untracked 
|  49|0x0000000087700000, 0x0000000087700000, 0x0000000087800000|  0%| F|  |TAMS 0x0000000087700000, 0x0000000087700000| Untracked 
|  50|0x0000000087800000, 0x0000000087800000, 0x0000000087900000|  0%| F|  |TAMS 0x0000000087800000, 0x0000000087800000| Untracked 
|  51|0x0000000087900000, 0x0000000087900000, 0x0000000087a00000|  0%| F|  |TAMS 0x0000000087900000, 0x0000000087900000| Untracked 
|  52|0x0000000087a00000, 0x0000000087a00000, 0x0000000087b00000|  0%| F|  |TAMS 0x0000000087a00000, 0x0000000087a00000| Untracked 
|  53|0x0000000087b00000, 0x0000000087b00000, 0x0000000087c00000|  0%| F|  |TAMS 0x0000000087b00000, 0x0000000087b00000| Untracked 
|  54|0x0000000087c00000, 0x0000000087c00000, 0x0000000087d00000|  0%| F|  |TAMS 0x0000000087c00000, 0x0000000087c00000| Untracked 
|  55|0x0000000087d00000, 0x0000000087d00000, 0x0000000087e00000|  0%| F|  |TAMS 0x0000000087d00000, 0x0000000087d00000| Untracked 
|  56|0x0000000087e00000, 0x0000000087e00000, 0x0000000087f00000|  0%| F|  |TAMS 0x0000000087e00000, 0x0000000087e00000| Untracked 
|  57|0x0000000087f00000, 0x0000000087f00000, 0x0000000088000000|  0%| F|  |TAMS 0x0000000087f00000, 0x0000000087f00000| Untracked 
|  58|0x0000000088000000, 0x0000000088000000, 0x0000000088100000|  0%| F|  |TAMS 0x0000000088000000, 0x0000000088000000| Untracked 
|  59|0x0000000088100000, 0x0000000088100000, 0x0000000088200000|  0%| F|  |TAMS 0x0000000088100000, 0x0000000088100000| Untracked 
|  60|0x0000000088200000, 0x0000000088200000, 0x0000000088300000|  0%| F|  |TAMS 0x0000000088200000, 0x0000000088200000| Untracked 
|  61|0x0000000088300000, 0x0000000088300000, 0x0000000088400000|  0%| F|  |TAMS 0x0000000088300000, 0x0000000088300000| Untracked 
|  62|0x0000000088400000, 0x0000000088400000, 0x0000000088500000|  0%| F|  |TAMS 0x0000000088400000, 0x0000000088400000| Untracked 
|  63|0x0000000088500000, 0x0000000088500000, 0x0000000088600000|  0%| F|  |TAMS 0x0000000088500000, 0x0000000088500000| Untracked 
|  64|0x0000000088600000, 0x0000000088600000, 0x0000000088700000|  0%| F|  |TAMS 0x0000000088600000, 0x0000000088600000| Untracked 
|  65|0x0000000088700000, 0x0000000088700000, 0x0000000088800000|  0%| F|  |TAMS 0x0000000088700000, 0x0000000088700000| Untracked 
|  66|0x0000000088800000, 0x0000000088800000, 0x0000000088900000|  0%| F|  |TAMS 0x0000000088800000, 0x0000000088800000| Untracked 
|  67|0x0000000088900000, 0x0000000088900000, 0x0000000088a00000|  0%| F|  |TAMS 0x0000000088900000, 0x0000000088900000| Untracked 
|  68|0x0000000088a00000, 0x0000000088a00000, 0x0000000088b00000|  0%| F|  |TAMS 0x0000000088a00000, 0x0000000088a00000| Untracked 
|  69|0x0000000088b00000, 0x0000000088b00000, 0x0000000088c00000|  0%| F|  |TAMS 0x0000000088b00000, 0x0000000088b00000| Untracked 
|  70|0x0000000088c00000, 0x0000000088c00000, 0x0000000088d00000|  0%| F|  |TAMS 0x0000000088c00000, 0x0000000088c00000| Untracked 
|  71|0x0000000088d00000, 0x0000000088d00000, 0x0000000088e00000|  0%| F|  |TAMS 0x0000000088d00000, 0x0000000088d00000| Untracked 
|  72|0x0000000088e00000, 0x0000000088e00000, 0x0000000088f00000|  0%| F|  |TAMS 0x0000000088e00000, 0x0000000088e00000| Untracked 
|  73|0x0000000088f00000, 0x0000000088f00000, 0x0000000089000000|  0%| F|  |TAMS 0x0000000088f00000, 0x0000000088f00000| Untracked 
|  74|0x0000000089000000, 0x0000000089000000, 0x0000000089100000|  0%| F|  |TAMS 0x0000000089000000, 0x0000000089000000| Untracked 
|  75|0x0000000089100000, 0x0000000089100000, 0x0000000089200000|  0%| F|  |TAMS 0x0000000089100000, 0x0000000089100000| Untracked 
|  76|0x0000000089200000, 0x0000000089200000, 0x0000000089300000|  0%| F|  |TAMS 0x0000000089200000, 0x0000000089200000| Untracked 
|  77|0x0000000089300000, 0x0000000089300000, 0x0000000089400000|  0%| F|  |TAMS 0x0000000089300000, 0x0000000089300000| Untracked 
|  78|0x0000000089400000, 0x0000000089400000, 0x0000000089500000|  0%| F|  |TAMS 0x0000000089400000, 0x0000000089400000| Untracked 
|  79|0x0000000089500000, 0x0000000089500000, 0x0000000089600000|  0%| F|  |TAMS 0x0000000089500000, 0x0000000089500000| Untracked 
|  80|0x0000000089600000, 0x0000000089600000, 0x0000000089700000|  0%| F|  |TAMS 0x0000000089600000, 0x0000000089600000| Untracked 
|  81|0x0000000089700000, 0x0000000089700000, 0x0000000089800000|  0%| F|  |TAMS 0x0000000089700000, 0x0000000089700000| Untracked 
|  82|0x0000000089800000, 0x0000000089800000, 0x0000000089900000|  0%| F|  |TAMS 0x0000000089800000, 0x0000000089800000| Untracked 
|  83|0x0000000089900000, 0x0000000089900000, 0x0000000089a00000|  0%| F|  |TAMS 0x0000000089900000, 0x0000000089900000| Untracked 
|  84|0x0000000089a00000, 0x0000000089a00000, 0x0000000089b00000|  0%| F|  |TAMS 0x0000000089a00000, 0x0000000089a00000| Untracked 
|  85|0x0000000089b00000, 0x0000000089b00000, 0x0000000089c00000|  0%| F|  |TAMS 0x0000000089b00000, 0x0000000089b00000| Untracked 
|  86|0x0000000089c00000, 0x0000000089c00000, 0x0000000089d00000|  0%| F|  |TAMS 0x0000000089c00000, 0x0000000089c00000| Untracked 
|  87|0x0000000089d00000, 0x0000000089d00000, 0x0000000089e00000|  0%| F|  |TAMS 0x0000000089d00000, 0x0000000089d00000| Untracked 
|  88|0x0000000089e00000, 0x0000000089e00000, 0x0000000089f00000|  0%| F|  |TAMS 0x0000000089e00000, 0x0000000089e00000| Untracked 
|  89|0x0000000089f00000, 0x0000000089f00000, 0x000000008a000000|  0%| F|  |TAMS 0x0000000089f00000, 0x0000000089f00000| Untracked 
|  90|0x000000008a000000, 0x000000008a025b80, 0x000000008a100000| 14%| S|CS|TAMS 0x000000008a000000, 0x000000008a000000| Complete 
|  91|0x000000008a100000, 0x000000008a200000, 0x000000008a200000|100%| S|CS|TAMS 0x000000008a100000, 0x000000008a100000| Complete 
|  92|0x000000008a200000, 0x000000008a200000, 0x000000008a300000|  0%| F|  |TAMS 0x000000008a200000, 0x000000008a200000| Untracked 
|  93|0x000000008a300000, 0x000000008a300000, 0x000000008a400000|  0%| F|  |TAMS 0x000000008a300000, 0x000000008a300000| Untracked 
|  94|0x000000008a400000, 0x000000008a400000, 0x000000008a500000|  0%| F|  |TAMS 0x000000008a400000, 0x000000008a400000| Untracked 
|  95|0x000000008a500000, 0x000000008a500000, 0x000000008a600000|  0%| F|  |TAMS 0x000000008a500000, 0x000000008a500000| Untracked 
|  96|0x000000008a600000, 0x000000008a600000, 0x000000008a700000|  0%| F|  |TAMS 0x000000008a600000, 0x000000008a600000| Untracked 
|  97|0x000000008a700000, 0x000000008a700000, 0x000000008a800000|  0%| F|  |TAMS 0x000000008a700000, 0x000000008a700000| Untracked 
|  98|0x000000008a800000, 0x000000008a800000, 0x000000008a900000|  0%| F|  |TAMS 0x000000008a800000, 0x000000008a800000| Untracked 
|  99|0x000000008a900000, 0x000000008a900000, 0x000000008aa00000|  0%| F|  |TAMS 0x000000008a900000, 0x000000008a900000| Untracked 
| 100|0x000000008aa00000, 0x000000008aa00000, 0x000000008ab00000|  0%| F|  |TAMS 0x000000008aa00000, 0x000000008aa00000| Untracked 
| 101|0x000000008ab00000, 0x000000008ab00000, 0x000000008ac00000|  0%| F|  |TAMS 0x000000008ab00000, 0x000000008ab00000| Untracked 
| 102|0x000000008ac00000, 0x000000008ac00000, 0x000000008ad00000|  0%| F|  |TAMS 0x000000008ac00000, 0x000000008ac00000| Untracked 
| 103|0x000000008ad00000, 0x000000008ad00000, 0x000000008ae00000|  0%| F|  |TAMS 0x000000008ad00000, 0x000000008ad00000| Untracked 
| 104|0x000000008ae00000, 0x000000008ae00000, 0x000000008af00000|  0%| F|  |TAMS 0x000000008ae00000, 0x000000008ae00000| Untracked 
| 105|0x000000008af00000, 0x000000008af00000, 0x000000008b000000|  0%| F|  |TAMS 0x000000008af00000, 0x000000008af00000| Untracked 
| 106|0x000000008b000000, 0x000000008b000000, 0x000000008b100000|  0%| F|  |TAMS 0x000000008b000000, 0x000000008b000000| Untracked 
| 107|0x000000008b100000, 0x000000008b100000, 0x000000008b200000|  0%| F|  |TAMS 0x000000008b100000, 0x000000008b100000| Untracked 
| 108|0x000000008b200000, 0x000000008b200000, 0x000000008b300000|  0%| F|  |TAMS 0x000000008b200000, 0x000000008b200000| Untracked 
| 109|0x000000008b300000, 0x000000008b300000, 0x000000008b400000|  0%| F|  |TAMS 0x000000008b300000, 0x000000008b300000| Untracked 
| 110|0x000000008b400000, 0x000000008b400000, 0x000000008b500000|  0%| F|  |TAMS 0x000000008b400000, 0x000000008b400000| Untracked 
| 111|0x000000008b500000, 0x000000008b500000, 0x000000008b600000|  0%| F|  |TAMS 0x000000008b500000, 0x000000008b500000| Untracked 
| 112|0x000000008b600000, 0x000000008b600000, 0x000000008b700000|  0%| F|  |TAMS 0x000000008b600000, 0x000000008b600000| Untracked 
| 113|0x000000008b700000, 0x000000008b700000, 0x000000008b800000|  0%| F|  |TAMS 0x000000008b700000, 0x000000008b700000| Untracked 
| 114|0x000000008b800000, 0x000000008b800000, 0x000000008b900000|  0%| F|  |TAMS 0x000000008b800000, 0x000000008b800000| Untracked 
| 115|0x000000008b900000, 0x000000008b900000, 0x000000008ba00000|  0%| F|  |TAMS 0x000000008b900000, 0x000000008b900000| Untracked 
| 116|0x000000008ba00000, 0x000000008ba00000, 0x000000008bb00000|  0%| F|  |TAMS 0x000000008ba00000, 0x000000008ba00000| Untracked 
| 117|0x000000008bb00000, 0x000000008bb80800, 0x000000008bc00000| 50%| E|  |TAMS 0x000000008bb00000, 0x000000008bb00000| Complete 
| 118|0x000000008bc00000, 0x000000008bd00000, 0x000000008bd00000|100%| E|CS|TAMS 0x000000008bc00000, 0x000000008bc00000| Complete 
| 119|0x000000008bd00000, 0x000000008be00000, 0x000000008be00000|100%| E|CS|TAMS 0x000000008bd00000, 0x000000008bd00000| Complete 
| 120|0x000000008be00000, 0x000000008bf00000, 0x000000008bf00000|100%| E|CS|TAMS 0x000000008be00000, 0x000000008be00000| Complete 
| 121|0x000000008bf00000, 0x000000008c000000, 0x000000008c000000|100%| E|CS|TAMS 0x000000008bf00000, 0x000000008bf00000| Complete 
| 122|0x000000008c000000, 0x000000008c100000, 0x000000008c100000|100%| E|CS|TAMS 0x000000008c000000, 0x000000008c000000| Complete 
| 123|0x000000008c100000, 0x000000008c200000, 0x000000008c200000|100%| E|CS|TAMS 0x000000008c100000, 0x000000008c100000| Complete 

Card table byte_map: [0x00000245f5ee0000,0x00000245f62c0000] _byte_map_base: 0x00000245f5abd000

Marking Bits (Prev, Next): (CMBitMap*) 0x00000245ed06ba58, (CMBitMap*) 0x00000245ed06ba98
 Prev Bits: [0x00000245f66a0000, 0x00000245f8588000)
 Next Bits: [0x00000245f8590000, 0x00000245fa478000)

Polling page: 0x00000245eaf50000

Metaspace:

Usage:
  Non-class:      9.32 MB capacity,     9.03 MB ( 97%) used,   261.30 KB (  3%) free+waste,    38.00 KB ( <1%) overhead. 
      Class:      1.32 MB capacity,     1.19 MB ( 90%) used,   117.35 KB (  9%) free+waste,    19.38 KB (  1%) overhead. 
       Both:     10.65 MB capacity,    10.22 MB ( 96%) used,   378.65 KB (  3%) free+waste,    57.38 KB ( <1%) overhead. 

Virtual space:
  Non-class space:       10.00 MB reserved,       9.50 MB ( 95%) committed 
      Class space:        1.00 GB reserved,       1.38 MB ( <1%) committed 
             Both:        1.01 GB reserved,      10.88 MB (  1%) committed 

Chunk freelists:
   Non-Class:  55.00 KB
       Class:  20.00 KB
        Both:  75.00 KB

MaxMetaspaceSize: 17179869184.00 GB
CompressedClassSpaceSize: 1.00 GB

CodeHeap 'non-profiled nmethods': size=120000Kb used=913Kb max_used=913Kb free=119086Kb
 bounds [0x0000024587ad0000, 0x0000024587d40000, 0x000002458f000000]
CodeHeap 'profiled nmethods': size=120000Kb used=3467Kb max_used=3467Kb free=116532Kb
 bounds [0x00000245805a0000, 0x0000024580910000, 0x0000024587ad0000]
CodeHeap 'non-nmethods': size=5760Kb used=1294Kb max_used=1369Kb free=4465Kb
 bounds [0x0000024580000000, 0x0000024580270000, 0x00000245805a0000]
 total_blobs=2798 nmethods=1595 adapters=386
 compilation: enabled
              stopped_count=0, restarted_count=0
 full_count=0

Compilation events (20 events):
Event: 1.728 Thread 0x00000245fcf0a000 1590       3       jdk.internal.misc.Unsafe::getAndAddInt (27 bytes)
Event: 1.728 Thread 0x00000245fcf0a000 nmethod 1590 0x0000024580902090 code [0x0000024580902240, 0x0000024580902498]
Event: 1.729 Thread 0x00000245fcf0a000 1591       3       jdk.internal.org.objectweb.asm.MethodVisitor::visitVarInsn (17 bytes)
Event: 1.729 Thread 0x00000245fcf0a000 nmethod 1591 0x0000024580902590 code [0x0000024580902740, 0x0000024580902988]
Event: 1.731 Thread 0x00000245fe94c000 nmethod 1575 0x0000024587baa010 code [0x0000024587baa2c0, 0x0000024587bab318]
Event: 1.731 Thread 0x00000245fe94c000 1580       4       jdk.internal.misc.Unsafe::getCharUnaligned (12 bytes)
Event: 1.732 Thread 0x00000245fe94c000 nmethod 1580 0x0000024587bab710 code [0x0000024587bab8a0, 0x0000024587bab998]
Event: 1.733 Thread 0x00000245fcf0a000 1592       3       java.util.regex.Pattern$Node::<init> (12 bytes)
Event: 1.733 Thread 0x00000245fcf0a000 nmethod 1592 0x0000024580902a90 code [0x0000024580902c40, 0x0000024580902e18]
Event: 1.734 Thread 0x00000245fe94c000 1593       4       org.eclipse.jdt.launching.internal.org.objectweb.asm.ClassWriter::visitMethod (57 bytes)
Event: 1.747 Thread 0x00000245fd93d000 nmethod 1573 0x0000024587baba90 code [0x0000024587babea0, 0x0000024587bad768]
Event: 1.747 Thread 0x00000245fd93d000 1594       4       org.eclipse.jdt.launching.internal.org.objectweb.asm.MethodWriter::computeMethodInfoSize (571 bytes)
Event: 1.761 Thread 0x00000245fe94c000 nmethod 1593 0x0000024587bae190 code [0x0000024587bae420, 0x0000024587bafa90]
Event: 1.761 Thread 0x00000245fe94c000 1595       4       org.eclipse.jdt.launching.internal.org.objectweb.asm.MethodWriter::visitJumpInsn (495 bytes)
Event: 1.762 Thread 0x00000245fd93d000 nmethod 1594 0x0000024587bb0210 code [0x0000024587bb0720, 0x0000024587bb1be8]
Event: 1.762 Thread 0x00000245fd93d000 1597       4       org.eclipse.jdt.launching.internal.org.objectweb.asm.MethodWriter::visitFieldInsn (258 bytes)
Event: 1.765 Thread 0x00000245fe94c000 nmethod 1595 0x0000024587bb2690 code [0x0000024587bb28e0, 0x0000024587bb2e58]
Event: 1.765 Thread 0x00000245fe94c000 1596       4       org.eclipse.jdt.launching.internal.org.objectweb.asm.FieldWriter::visitEnd (1 bytes)
Event: 1.765 Thread 0x00000245fe94c000 nmethod 1596 0x0000024587bb3110 code [0x0000024587bb3280, 0x0000024587bb32f8]
Event: 1.770 Thread 0x00000245fd93d000 nmethod 1597 0x0000024587bb3410 code [0x0000024587bb3680, 0x0000024587bb41c8]

GC Heap History (4 events):
Event: 0.697 GC heap before
{Heap before GC invocations=0 (full 0):
 garbage-first heap   total 126976K, used 23552K [0x0000000084600000, 0x0000000100000000)
  region size 1024K, 23 young (23552K), 0 survivors (0K)
 Metaspace       used 5227K, capacity 6258K, committed 6272K, reserved 1056768K
  class space    used 545K, capacity 632K, committed 640K, reserved 1048576K
}
Event: 0.704 GC heap after
{Heap after GC invocations=1 (full 0):
 garbage-first heap   total 126976K, used 4005K [0x0000000084600000, 0x0000000100000000)
  region size 1024K, 3 young (3072K), 3 survivors (3072K)
 Metaspace       used 5227K, capacity 6258K, committed 6272K, reserved 1056768K
  class space    used 545K, capacity 632K, committed 640K, reserved 1048576K
}
Event: 1.686 GC heap before
{Heap before GC invocations=1 (full 0):
 garbage-first heap   total 126976K, used 33701K [0x0000000084600000, 0x0000000100000000)
  region size 1024K, 32 young (32768K), 3 survivors (3072K)
 Metaspace       used 9774K, capacity 10196K, committed 10368K, reserved 1058816K
  class space    used 1145K, capacity 1313K, committed 1408K, reserved 1048576K
}
Event: 1.694 GC heap after
{Heap after GC invocations=2 (full 0):
 garbage-first heap   total 126976K, used 4951K [0x0000000084600000, 0x0000000100000000)
  region size 1024K, 2 young (2048K), 2 survivors (2048K)
 Metaspace       used 9774K, capacity 10196K, committed 10368K, reserved 1058816K
  class space    used 1145K, capacity 1313K, committed 1408K, reserved 1048576K
}

Deoptimization events (20 events):
Event: 1.657 Thread 0x00000245ed028800 DEOPT PACKING pc=0x0000024587b4e8d8 sp=0x000000dc3ddf6e40
Event: 1.657 Thread 0x00000245ed028800 DEOPT UNPACKING pc=0x000002458004912f sp=0x000000dc3ddf6e08 mode 2
Event: 1.657 Thread 0x00000245ed028800 Uncommon trap: trap_request=0xffffff3d fr.pc=0x0000024587af9d08 relative=0x00000000000002e8
Event: 1.657 Thread 0x00000245ed028800 Uncommon trap: reason=unstable_fused_if action=reinterpret pc=0x0000024587af9d08 method=org.eclipse.jdt.launching.internal.org.objectweb.asm.ByteVector.putUTF8(Ljava/lang/String;)Lorg/eclipse/jdt/launching/internal/org/objectweb/asm/ByteVector; @ 93 c2
Event: 1.657 Thread 0x00000245ed028800 DEOPT PACKING pc=0x0000024587af9d08 sp=0x000000dc3ddf6f00
Event: 1.657 Thread 0x00000245ed028800 DEOPT UNPACKING pc=0x000002458004912f sp=0x000000dc3ddf6ea0 mode 2
Event: 1.660 Thread 0x00000245ed028800 Uncommon trap: trap_request=0xffffff45 fr.pc=0x0000024587ad748c relative=0x000000000000006c
Event: 1.660 Thread 0x00000245ed028800 Uncommon trap: reason=unstable_if action=reinterpret pc=0x0000024587ad748c method=java.lang.String.isLatin1()Z @ 10 c2
Event: 1.660 Thread 0x00000245ed028800 DEOPT PACKING pc=0x0000024587ad748c sp=0x000000dc3ddfcac0
Event: 1.660 Thread 0x00000245ed028800 DEOPT UNPACKING pc=0x000002458004912f sp=0x000000dc3ddfca60 mode 2
Event: 1.695 Thread 0x00000245ed028800 DEOPT PACKING pc=0x00000245808ec3c3 sp=0x000000dc3ddfb040
Event: 1.695 Thread 0x00000245ed028800 DEOPT UNPACKING pc=0x000002458004964e sp=0x000000dc3ddfa568 mode 0
Event: 1.732 Thread 0x00000245ed028800 Uncommon trap: trap_request=0xffffff45 fr.pc=0x0000024587b9689c relative=0x0000000000000b7c
Event: 1.732 Thread 0x00000245ed028800 Uncommon trap: reason=unstable_if action=reinterpret pc=0x0000024587b9689c method=java.util.regex.Pattern$Start.match(Ljava/util/regex/Matcher;ILjava/lang/CharSequence;)Z @ 10 c2
Event: 1.732 Thread 0x00000245ed028800 DEOPT PACKING pc=0x0000024587b9689c sp=0x000000dc3ddfe120
Event: 1.732 Thread 0x00000245ed028800 DEOPT UNPACKING pc=0x000002458004912f sp=0x000000dc3ddfe0b0 mode 2
Event: 1.736 Thread 0x00000245ed028800 DEOPT PACKING pc=0x00000245808ec3c3 sp=0x000000dc3ddf7ec0
Event: 1.736 Thread 0x00000245ed028800 DEOPT UNPACKING pc=0x000002458004964e sp=0x000000dc3ddf73e8 mode 0
Event: 1.762 Thread 0x00000245ed028800 DEOPT PACKING pc=0x00000245808ec3c3 sp=0x000000dc3ddfb9b0
Event: 1.762 Thread 0x00000245ed028800 DEOPT UNPACKING pc=0x000002458004964e sp=0x000000dc3ddfaed8 mode 0

Classes unloaded (0 events):
No events

Classes redefined (0 events):
No events

Internal exceptions (20 events):
Event: 0.750 Thread 0x00000245ed028800 Exception <a 'java/lang/NoSuchMethodError'{0x000000008bf1bfe8}: 'void java.lang.invoke.DirectMethodHandle$Holder.invokeStaticInit(java.lang.Object, java.lang.Object)'> (0x000000008bf1bfe8) 
thrown [./open/src/hotspot/share/interpreter/linkResolver.cpp, line 766]
Event: 0.752 Thread 0x00000245ed028800 Exception <a 'java/lang/NoSuchMethodError'{0x000000008bf22ee8}: 'int java.lang.invoke.DirectMethodHandle$Holder.invokeStaticInit(java.lang.Object, java.lang.Object)'> (0x000000008bf22ee8) 
thrown [./open/src/hotspot/share/interpreter/linkResolver.cpp, line 766]
Event: 0.844 Thread 0x00000245ed028800 Exception <a 'java/lang/NoSuchMethodError'{0x000000008bcccbc0}: 'java.lang.Object java.lang.invoke.DirectMethodHandle$Holder.invokeStaticInit(java.lang.Object, java.lang.Object, int, int, int, int)'> (0x000000008bcccbc0) 
thrown [./open/src/hotspot/share/interpreter/linkResolver.cpp, line 766]
Event: 0.919 Thread 0x000002458f209800 Exception <a 'java/lang/NoSuchMethodError'{0x000000008b828288}: 'void java.lang.invoke.DirectMethodHandle$Holder.invokeStatic(java.lang.Object, long)'> (0x000000008b828288) 
thrown [./open/src/hotspot/share/interpreter/linkResolver.cpp, line 766]
Event: 0.923 Thread 0x000002458f209800 Exception <a 'java/lang/NoSuchMethodError'{0x000000008b835b80}: 'java.lang.Object java.lang.invoke.DirectMethodHandle$Holder.invokeStaticInit(java.lang.Object, java.lang.Object, long, java.lang.Object)'> (0x000000008b835b80) 
thrown [./open/src/hotspot/share/interpreter/linkResolver.cpp, line 766]
Event: 0.924 Thread 0x000002458f209800 Exception <a 'java/lang/NoSuchMethodError'{0x000000008b83b6e8}: 'java.lang.Object java.lang.invoke.Invokers$Holder.linkToTargetMethod(java.lang.Object, long, java.lang.Object)'> (0x000000008b83b6e8) 
thrown [./open/src/hotspot/share/interpreter/linkResolver.cpp, line 766]
Event: 1.421 Thread 0x000002458f4bb000 Exception <a 'java/net/SocketException'{0x000000008b8f6100}: Socket is not connected: shutdown> (0x000000008b8f6100) 
thrown [./open/src/hotspot/share/prims/jni.cpp, line 620]
Event: 1.463 Thread 0x00000245ed028800 Exception <a 'java/lang/NoSuchMethodError'{0x000000008b5564a8}: 'java.lang.Object java.lang.invoke.DirectMethodHandle$Holder.invokeInterface(java.lang.Object, java.lang.Object, java.lang.Object)'> (0x000000008b5564a8) 
thrown [./open/src/hotspot/share/interpreter/linkResolver.cpp, line 766]
Event: 1.464 Thread 0x00000245ed028800 Exception <a 'java/lang/IncompatibleClassChangeError'{0x000000008b559270}: Found class java.lang.Object, but interface was expected> (0x000000008b559270) 
thrown [./open/src/hotspot/share/interpreter/linkResolver.cpp, line 832]
Event: 1.465 Thread 0x00000245ed028800 Exception <a 'java/lang/NoSuchMethodError'{0x000000008b562018}: 'int java.lang.invoke.DirectMethodHandle$Holder.invokeSpecialIFC(java.lang.Object, java.lang.Object, java.lang.Object, java.lang.Object)'> (0x000000008b562018) 
thrown [./open/src/hotspot/share/interpreter/linkResolver.cpp, line 766]
Event: 1.467 Thread 0x00000245ed028800 Exception <a 'java/lang/NoSuchMethodError'{0x000000008b56b708}: 'java.lang.Object java.lang.invoke.DirectMethodHandle$Holder.invokeInterface(java.lang.Object, java.lang.Object, java.lang.Object, java.lang.Object)'> (0x000000008b56b708) 
thrown [./open/src/hotspot/share/interpreter/linkResolver.cpp, line 766]
Event: 1.472 Thread 0x00000245ed028800 Exception <a 'java/lang/NoSuchMethodError'{0x000000008b5b4a38}: 'java.lang.Object java.lang.invoke.DirectMethodHandle$Holder.invokeVirtual(java.lang.Object, java.lang.Object, java.lang.Object)'> (0x000000008b5b4a38) 
thrown [./open/src/hotspot/share/interpreter/linkResolver.cpp, line 766]
Event: 1.502 Thread 0x00000245ed028800 Exception <a 'java/lang/NoSuchMethodError'{0x000000008b256b40}: 'int java.lang.invoke.DirectMethodHandle$Holder.invokeVirtual(java.lang.Object, java.lang.Object)'> (0x000000008b256b40) 
thrown [./open/src/hotspot/share/interpreter/linkResolver.cpp, line 766]
Event: 1.503 Thread 0x00000245ed028800 Exception <a 'java/lang/NoSuchMethodError'{0x000000008b25be30}: 'double java.lang.invoke.DirectMethodHandle$Holder.invokeVirtual(java.lang.Object, java.lang.Object)'> (0x000000008b25be30) 
thrown [./open/src/hotspot/share/interpreter/linkResolver.cpp, line 766]
Event: 1.504 Thread 0x00000245ed028800 Exception <a 'java/lang/NoSuchMethodError'{0x000000008b261348}: 'float java.lang.invoke.DirectMethodHandle$Holder.invokeVirtual(java.lang.Object, java.lang.Object)'> (0x000000008b261348) 
thrown [./open/src/hotspot/share/interpreter/linkResolver.cpp, line 766]
Event: 1.505 Thread 0x00000245ed028800 Exception <a 'java/lang/NoSuchMethodError'{0x000000008b268d30}: 'long java.lang.invoke.DirectMethodHandle$Holder.invokeVirtual(java.lang.Object, java.lang.Object)'> (0x000000008b268d30) 
thrown [./open/src/hotspot/share/interpreter/linkResolver.cpp, line 766]
Event: 1.527 Thread 0x00000245ed028800 Exception <a 'java/lang/NoSuchMethodError'{0x000000008b1e9cd0}: 'void java.lang.invoke.DirectMethodHandle$Holder.invokeSpecial(java.lang.Object, java.lang.Object, java.lang.Object, java.lang.Object)'> (0x000000008b1e9cd0) 
thrown [./open/src/hotspot/share/interpreter/linkResolver.cpp, line 766]
Event: 1.547 Thread 0x00000245ed028800 Exception <a 'java/lang/NoSuchMethodError'{0x000000008af3c098}: 'void java.lang.invoke.DirectMethodHandle$Holder.invokeSpecial(java.lang.Object, java.lang.Object, java.lang.Object, java.lang.Object, java.lang.Object)'> (0x000000008af3c098) 
thrown [./open/src/hotspot/share/interpreter/linkResolver.cpp, line 766]
Event: 1.604 Thread 0x00000245ed028800 Exception <a 'java/lang/NoSuchMethodError'{0x000000008ab192a8}: 'java.lang.Object java.lang.invoke.Invokers$Holder.invokeExact_MT(java.lang.Object, java.lang.Object, java.lang.Object, java.lang.Object, java.lang.Object, java.lang.Object)'> (0x000000008ab192a8) 
thrown [./open/src/hotspot/share/interpreter/linkResolver.cpp, line 766]
Event: 1.727 Thread 0x00000245ed028800 Exception <a 'java/lang/NoSuchMethodError'{0x000000008bf8a810}: 'void java.lang.invoke.DirectMethodHandle$Holder.invokeStatic(java.lang.Object, java.lang.Object, java.lang.Object, java.lang.Object)'> (0x000000008bf8a810) 
thrown [./open/src/hotspot/share/interpreter/linkResolver.cpp, line 766]

Events (20 events):
Event: 1.740 loading class java/net/ProtocolException
Event: 1.740 loading class java/net/ProtocolException done
Event: 1.741 loading class java/net/HttpRetryException
Event: 1.741 loading class java/net/HttpRetryException done
Event: 1.760 loading class java/net/UnknownServiceException
Event: 1.760 loading class java/net/UnknownServiceException done
Event: 1.763 loading class java/net/SocksSocketImpl
Event: 1.763 loading class java/net/SocksConsts
Event: 1.763 loading class java/net/SocksConsts done
Event: 1.763 loading class java/net/DelegatingSocketImpl
Event: 1.763 loading class java/net/DelegatingSocketImpl done
Event: 1.763 loading class java/net/SocksSocketImpl done
Event: 1.764 loading class java/net/SocksSocketImpl$3
Event: 1.764 loading class java/net/SocksSocketImpl$3 done
Event: 1.772 Thread 0x00000245feffa000 Thread added: 0x00000245feffa000
Event: 1.772 Executing VM operation: HandshakeOneThread
Event: 1.772 Executing VM operation: HandshakeOneThread done
Event: 1.773 Executing VM operation: HandshakeOneThread
Event: 1.773 Executing VM operation: HandshakeOneThread done
Event: 1.780 Thread 0x00000245ff4cf800 Thread added: 0x00000245ff4cf800


Dynamic libraries:
0x00007ff796bf0000 - 0x00007ff796bff000 	C:\Program Files\Java\jdk-14.0.1\bin\javaw.exe
0x00007ff8efb00000 - 0x00007ff8efcf0000 	C:\Windows\SYSTEM32\ntdll.dll
0x00007ff8ef4a0000 - 0x00007ff8ef552000 	C:\Windows\System32\KERNEL32.DLL
0x00007ff8ecc50000 - 0x00007ff8ecef5000 	C:\Windows\System32\KERNELBASE.dll
0x00007ff8ea760000 - 0x00007ff8ea7ef000 	C:\Windows\SYSTEM32\apphelp.dll
0x00007ff8ecb50000 - 0x00007ff8ecc4a000 	C:\Windows\System32\ucrtbase.dll
0x00007ff8e7dd0000 - 0x00007ff8e7de8000 	C:\Program Files\Java\jdk-14.0.1\bin\jli.dll
0x00007ff8e7850000 - 0x00007ff8e7865000 	C:\Program Files\Java\jdk-14.0.1\bin\VCRUNTIME140.dll
0x00007ff8ee700000 - 0x00007ff8ee7a3000 	C:\Windows\System32\ADVAPI32.dll
0x00007ff8eece0000 - 0x00007ff8eed7e000 	C:\Windows\System32\msvcrt.dll
0x00007ff8ee280000 - 0x00007ff8ee317000 	C:\Windows\System32\sechost.dll
0x00007ff8ee350000 - 0x00007ff8ee470000 	C:\Windows\System32\RPCRT4.dll
0x00007ff8ee880000 - 0x00007ff8eea14000 	C:\Windows\System32\USER32.dll
0x00007ff8eca70000 - 0x00007ff8eca91000 	C:\Windows\System32\win32u.dll
0x00007ff8ef470000 - 0x00007ff8ef496000 	C:\Windows\System32\GDI32.dll
0x00007ff8e16c0000 - 0x00007ff8e1944000 	C:\Windows\WinSxS\amd64_microsoft.windows.common-controls_6595b64144ccf1df_6.0.18362.1256_none_9e7e379be45e40e2\COMCTL32.dll
0x00007ff8ecf00000 - 0x00007ff8ed096000 	C:\Windows\System32\gdi32full.dll
0x00007ff8ed130000 - 0x00007ff8ed1ce000 	C:\Windows\System32\msvcp_win.dll
0x00007ff8eddd0000 - 0x00007ff8ee106000 	C:\Windows\System32\combase.dll
0x00007ff8ed0a0000 - 0x00007ff8ed121000 	C:\Windows\System32\bcryptPrimitives.dll
0x00007ff8e73b0000 - 0x00007ff8e73ba000 	C:\Windows\SYSTEM32\VERSION.dll
0x00007ff8ee320000 - 0x00007ff8ee34e000 	C:\Windows\System32\IMM32.DLL
0x00007ff8e0360000 - 0x00007ff8e03fb000 	C:\Program Files\Java\jdk-14.0.1\bin\msvcp140.dll
0x00007ff8bac80000 - 0x00007ff8bb79e000 	C:\Program Files\Java\jdk-14.0.1\bin\server\jvm.dll
0x00007ff8ef5e0000 - 0x00007ff8ef5e8000 	C:\Windows\System32\PSAPI.DLL
0x00007ff8e10a0000 - 0x00007ff8e10a9000 	C:\Windows\SYSTEM32\WSOCK32.dll
0x00007ff8c94d0000 - 0x00007ff8c94f4000 	C:\Windows\SYSTEM32\WINMM.dll
0x00007ff8eeaf0000 - 0x00007ff8eeb5f000 	C:\Windows\System32\WS2_32.dll
0x00007ff8dd4e0000 - 0x00007ff8dd50d000 	C:\Windows\SYSTEM32\winmmbase.dll
0x00007ff8ed1d0000 - 0x00007ff8ed21a000 	C:\Windows\System32\cfgmgr32.dll
0x00007ff8ec9b0000 - 0x00007ff8ec9c1000 	C:\Windows\System32\kernel.appcore.dll
0x00007ff8e83c0000 - 0x00007ff8e83ca000 	C:\Program Files\Java\jdk-14.0.1\bin\jimage.dll
0x00007ff8eb180000 - 0x00007ff8eb374000 	C:\Windows\SYSTEM32\DBGHELP.DLL
0x00007ff8e4560000 - 0x00007ff8e458a000 	C:\Windows\SYSTEM32\dbgcore.DLL
0x00007ff8e10d0000 - 0x00007ff8e1108000 	C:\Program Files\Java\jdk-14.0.1\bin\jdwp.dll
0x00007ff8e12e0000 - 0x00007ff8e1305000 	C:\Program Files\Java\jdk-14.0.1\bin\java.dll
0x00007ff8e8160000 - 0x00007ff8e816e000 	C:\Program Files\Java\jdk-14.0.1\bin\instrument.dll
0x00007ff8e6080000 - 0x00007ff8e6096000 	C:\Program Files\Java\jdk-14.0.1\bin\zip.dll
0x00007ff8eed80000 - 0x00007ff8ef467000 	C:\Windows\System32\SHELL32.dll
0x00007ff8eea20000 - 0x00007ff8eeac9000 	C:\Windows\System32\shcore.dll
0x00007ff8ed3c0000 - 0x00007ff8edb41000 	C:\Windows\System32\windows.storage.dll
0x00007ff8eca20000 - 0x00007ff8eca43000 	C:\Windows\System32\profapi.dll
0x00007ff8ec9d0000 - 0x00007ff8eca1a000 	C:\Windows\System32\powrprof.dll
0x00007ff8ec9a0000 - 0x00007ff8ec9b0000 	C:\Windows\System32\UMPDC.dll
0x00007ff8edbb0000 - 0x00007ff8edc02000 	C:\Windows\System32\shlwapi.dll
0x00007ff8ed370000 - 0x00007ff8ed387000 	C:\Windows\System32\cryptsp.dll
0x00007ff8e7e70000 - 0x00007ff8e7e7b000 	C:\Program Files\Java\jdk-14.0.1\bin\dt_socket.dll
0x00007ff8ebea0000 - 0x00007ff8ebeda000 	C:\Windows\SYSTEM32\IPHLPAPI.DLL
0x00007ff8ec190000 - 0x00007ff8ec1f7000 	C:\Windows\system32\mswsock.dll
0x00007ff8ebee0000 - 0x00007ff8ebfab000 	C:\Windows\SYSTEM32\DNSAPI.dll
0x00007ff8ee470000 - 0x00007ff8ee478000 	C:\Windows\System32\NSI.dll
0x00007ff8e0d80000 - 0x00007ff8e0d8a000 	C:\Windows\System32\rasadhlp.dll
0x00007ff8e4d40000 - 0x00007ff8e4db7000 	C:\Windows\System32\fwpuclnt.dll
0x00007ff8ed390000 - 0x00007ff8ed3b6000 	C:\Windows\System32\bcrypt.dll
0x00007ff8e3f60000 - 0x00007ff8e3f79000 	C:\Program Files\Java\jdk-14.0.1\bin\net.dll
0x00007ff8e57f0000 - 0x00007ff8e58e0000 	C:\Windows\SYSTEM32\WINHTTP.dll
0x00007ff8e3280000 - 0x00007ff8e3292000 	C:\Program Files\Java\jdk-14.0.1\bin\nio.dll
0x00007ff8e6420000 - 0x00007ff8e6430000 	C:\Program Files\Java\jdk-14.0.1\bin\verify.dll
0x00007ff8e6020000 - 0x00007ff8e602e000 	C:\Program Files\Java\jdk-14.0.1\bin\sunmscapi.dll
0x00007ff8ed220000 - 0x00007ff8ed369000 	C:\Windows\System32\CRYPT32.dll
0x00007ff8eca50000 - 0x00007ff8eca62000 	C:\Windows\System32\MSASN1.dll
0x00007ff8ec460000 - 0x00007ff8ec486000 	C:\Windows\SYSTEM32\ncrypt.dll
0x00007ff8ec420000 - 0x00007ff8ec45b000 	C:\Windows\SYSTEM32\NTASN1.dll
0x00007ff8e1020000 - 0x00007ff8e1045000 	C:\Program Files\Java\jdk-14.0.1\bin\sunec.dll
0x00007ff8ebd00000 - 0x00007ff8ebd33000 	C:\Windows\system32\rsaenh.dll
0x00007ff8ec880000 - 0x00007ff8ec8a5000 	C:\Windows\SYSTEM32\USERENV.dll
0x00007ff8ec360000 - 0x00007ff8ec36c000 	C:\Windows\SYSTEM32\CRYPTBASE.dll
0x00007ff8e5510000 - 0x00007ff8e5526000 	C:\Windows\SYSTEM32\dhcpcsvc6.DLL
0x00007ff8e57c0000 - 0x00007ff8e57dc000 	C:\Windows\SYSTEM32\dhcpcsvc.DLL

dbghelp: loaded successfully - version: 4.0.5 - missing functions: none
symbol engine: initialized successfully - sym options: 0x614 - pdb path: .;C:\Program Files\Java\jdk-14.0.1\bin;C:\Windows\SYSTEM32;C:\Windows\WinSxS\amd64_microsoft.windows.common-controls_6595b64144ccf1df_6.0.18362.1256_none_9e7e379be45e40e2;C:\Program Files\Java\jdk-14.0.1\bin\server

VM Arguments:
jvm_args: -agentlib:jdwp=transport=dt_socket,suspend=y,address=localhost:52430 -javaagent:C:\Users\dmeps\.eclipse\org.eclipse.platform_4.15.0_1709980481_win32_win32_x86_64\configuration\org.eclipse.osgi\225\0\.cp\lib\javaagent-shaded.jar -Dfile.encoding=Cp1252 
java_command: tables.SumRowsData
java_class_path (initial): C:\Users\dmeps\eclipse-workspace\Selenium\bin;C:\Users\dmeps\selenium-java-3.141.59\client-combined-3.141.59.jar;C:\Users\dmeps\selenium-java-3.141.59\client-combined-3.141.59-sources.jar;C:\Users\dmeps\selenium-java-3.141.59\libs\byte-buddy-1.8.15.jar;C:\Users\dmeps\selenium-java-3.141.59\libs\guava-25.0-jre.jar;C:\Users\dmeps\selenium-java-3.141.59\libs\okhttp-3.11.0.jar;C:\Users\dmeps\selenium-java-3.141.59\libs\okio-1.14.0.jar;C:\Users\dmeps\selenium-java-3.141.59\libs\commons-io-2.7.jar;C:\Users\dmeps\selenium-java-3.141.59\libs\commons-io-2.7-javadoc.jar;C:\Users\dmeps\selenium-java-3.141.59\libs\commons-io-2.7-sources.jar;C:\Users\dmeps\selenium-java-3.141.59\libs\commons-io-2.7-tests.jar;C:\Users\dmeps\selenium-java-3.141.59\libs\commons-io-2.7-test-sources.jar;C:\Users\dmeps\selenium-java-3.141.59\libs\commons-exec-1.3.jar;C:\Users\dmeps\selenium-java-3.141.59\libs\ashot-1.5.4.jar;C:\Users\dmeps\selenium-java-3.141.59\libs\testng-7.3.0.jar;C:\Users\dmeps\.eclipse\org.eclipse.platform_4.15.0_1709980481_win32_win32_x86_64\plugins\org.testng_7.3.0.r202008060316.jar;C:\Users\dmeps\.eclipse\org.eclipse.platform_4.15.0_1709980481_win32_win32_x86_64\plugins\com.beust.jcommander_1.78.0.jar;C:\Users\dmeps\.eclipse\org.eclipse.platform_4.15.0_1709980481_win32_win32_x86_64\plugins\org.apache-extras.beanshell.bsh_2.0.0.b6.jar;C:\Users\dmeps\.eclipse\org.eclipse.platform_4.15.0_1709980481_win32_win32_x86_64\plugins\org.yaml.snakeyaml_1.21.0.jar
Launcher Type: SUN_STANDARD

[Global flags]
     intx CICompilerCount                          = 4                                         {product} {ergonomic}
     uint ConcGCThreads                            = 2                                         {product} {ergonomic}
     uint G1ConcRefinementThreads                  = 8                                         {product} {ergonomic}
   size_t G1HeapRegionSize                         = 1048576                                   {product} {ergonomic}
    uintx GCDrainStackTargetSize                   = 64                                        {product} {ergonomic}
   size_t InitialHeapSize                          = 130023424                                 {product} {ergonomic}
   size_t MarkStackSize                            = 4194304                                   {product} {ergonomic}
   size_t MaxHeapSize                              = 2074083328                                {product} {ergonomic}
   size_t MaxNewSize                               = 1243611136                                {product} {ergonomic}
   size_t MinHeapDeltaBytes                        = 1048576                                   {product} {ergonomic}
   size_t MinHeapSize                              = 8388608                                   {product} {ergonomic}
    uintx NonNMethodCodeHeapSize                   = 5839372                                {pd product} {ergonomic}
    uintx NonProfiledCodeHeapSize                  = 122909434                              {pd product} {ergonomic}
    uintx ProfiledCodeHeapSize                     = 122909434                              {pd product} {ergonomic}
    uintx ReservedCodeCacheSize                    = 251658240                              {pd product} {ergonomic}
     bool SegmentedCodeCache                       = true                                      {product} {ergonomic}
   size_t SoftMaxHeapSize                          = 2074083328                             {manageable} {ergonomic}
     bool UseCompressedClassPointers               = true                                 {lp64_product} {ergonomic}
     bool UseCompressedOops                        = true                                 {lp64_product} {ergonomic}
     bool UseG1GC                                  = true                                      {product} {ergonomic}
     bool UseLargePagesIndividualAllocation        = false                                  {pd product} {ergonomic}

Logging:
Log output configuration:
 #0: stdout all=warning uptime,level,tags
 #1: stderr all=off uptime,level,tags

Environment Variables:
JAVA_HOME=C:\Program Files\Java\jdk-14.0.1
PATH=C:/Program Files/Java/jre1.8.0_271/bin/server;C:/Program Files/Java/jre1.8.0_271/bin;C:/Program Files/Java/jre1.8.0_271/lib/amd64;C:\Program Files (x86)\Common Files\Oracle\Java\javapath;C:\Windows\system32;C:\Windows;C:\Windows\System32\Wbem;C:\Windows\System32\WindowsPowerShell\v1.0\;C:\Windows\System32\OpenSSH\;C:\Program Files\Java\jdk-14.0.1\bin\;C:\Users\dmeps\apache-maven-3.6.3\bin;C:\Program Files\Java\jdk-14.0.1\bin;C:\Program Files\Git\cmd;C:\Program Files\MySQL\MySQL Shell 8.0\bin\;C:\Program Files\eclipse;
USERNAME=dmeps
OS=Windows_NT
PROCESSOR_IDENTIFIER=Intel64 Family 6 Model 142 Stepping 12, GenuineIntel



---------------  S Y S T E M  ---------------

OS: Windows 10 , 64 bit Build 18362 (10.0.18362.1110)
OS uptime: 9 days 7:30 hours

CPU:total 8 (initial active 8) (4 cores per cpu, 2 threads per core) family 6 model 142 stepping 12, cmov, cx8, fxsr, mmx, sse, sse2, sse3, ssse3, sse4.1, sse4.2, popcnt, avx, avx2, aes, clmul, erms, 3dnowpref, lzcnt, ht, tsc, tscinvbit, bmi1, bmi2, adx, fma

Memory: 4k page, system-wide physical 7908M (1426M free)
TotalPageFile size 7908M (AvailPageFile size 6M)
current process WorkingSet (physical memory assigned to process): 140M, peak: 143M
current process commit charge ("private bytes"): 274M, peak: 277M

vm_info: Java HotSpot(TM) 64-Bit Server VM (14.0.1+7) for windows-amd64 JRE (14.0.1+7), built on Mar  5 2020 10:30:14 by "mach5one" with MS VC++ 15.9 (VS2017)

END.
